<?xml version="1.0" encoding="UTF-8"?>
<robot generator="Robot 7.3.2 (Python 3.12.4 on win32)" generated="2025-11-18T11:05:21.126770" rpa="false" schemaversion="5">
<suite id="s1" name="Login Test" source="C:\Users\avina\PycharmProjects\saucedemo-robot\Test\login_test.robot">
<test id="s1-t1" name="Validate Multiple User Login" line="12">
<for flavor="IN">
<iter>
<kw name="Open SauceDemo Login Page" owner="login">
<kw name="Open Browser" owner="SeleniumLibrary">
<msg time="2025-11-18T11:05:21.697802" level="INFO">Opening browser 'Firefox' to base url 'https://www.saucedemo.com'.</msg>
<arg>${URL}</arg>
<arg>Firefox</arg>
<doc>Opens a new browser instance to the optional ``url``.</doc>
<status status="PASS" start="2025-11-18T11:05:21.697802" elapsed="6.255060"/>
</kw>
<kw name="Maximize Browser Window" owner="SeleniumLibrary">
<doc>Maximizes current browser window.</doc>
<status status="PASS" start="2025-11-18T11:05:27.952862" elapsed="0.276378"/>
</kw>
<status status="PASS" start="2025-11-18T11:05:21.697802" elapsed="6.531438"/>
</kw>
<kw name="Login With Valid Credentials" owner="login">
<kw name="Wait Until Element Is Visible" owner="SeleniumLibrary">
<arg>${USERANME_FEILD}</arg>
<doc>Waits until the element ``locator`` is visible.</doc>
<status status="PASS" start="2025-11-18T11:05:28.231254" elapsed="0.038197"/>
</kw>
<kw name="Wait Until Element Is Visible" owner="SeleniumLibrary">
<arg>${PASSWORD_FEILD}</arg>
<doc>Waits until the element ``locator`` is visible.</doc>
<status status="PASS" start="2025-11-18T11:05:28.269451" elapsed="0.016079"/>
</kw>
<kw name="Input Text" owner="SeleniumLibrary">
<msg time="2025-11-18T11:05:28.287536" level="INFO">Typing text 'standard_user' into text field '//input[@id ='user-name']'.</msg>
<arg>${USERANME_FEILD}</arg>
<arg>${user_id}</arg>
<doc>Types the given ``text`` into the text field identified by ``locator``.</doc>
<status status="PASS" start="2025-11-18T11:05:28.285530" elapsed="0.179981"/>
</kw>
<kw name="Input Text" owner="SeleniumLibrary">
<msg time="2025-11-18T11:05:28.467524" level="INFO">Typing text 'secret_sauce' into text field '//input[@id ='password']'.</msg>
<arg>${PASSWORD_FEILD}</arg>
<arg>${password}</arg>
<doc>Types the given ``text`` into the text field identified by ``locator``.</doc>
<status status="PASS" start="2025-11-18T11:05:28.465511" elapsed="0.091962"/>
</kw>
<kw name="Click Button" owner="SeleniumLibrary">
<msg time="2025-11-18T11:05:28.559483" level="INFO">Clicking button '//input[@id ='login-button']'.</msg>
<arg>${LOGIN_BUTTON}</arg>
<doc>Clicks the button identified by ``locator``.</doc>
<status status="PASS" start="2025-11-18T11:05:28.557473" elapsed="0.182488"/>
</kw>
<arg>${user}</arg>
<arg>${PASSWORD}</arg>
<status status="PASS" start="2025-11-18T11:05:28.229240" elapsed="0.510721"/>
</kw>
<kw name="Verify Successful Login" owner="login">
<kw name="Page Should Contain Element" owner="SeleniumLibrary">
<msg time="2025-11-18T11:05:28.746986" level="INFO">Current page contains element '//div[@id ='inventory_container']'.</msg>
<arg>${INVENTORY_PAGE}</arg>
<doc>Verifies that element ``locator`` is found on the current page.</doc>
<status status="PASS" start="2025-11-18T11:05:28.740906" elapsed="0.006080"/>
</kw>
<status status="PASS" start="2025-11-18T11:05:28.740906" elapsed="0.006080"/>
</kw>
<kw name="Close Browser Session" owner="login">
<kw name="Close Browser" owner="SeleniumLibrary">
<doc>Closes the current browser.</doc>
<status status="PASS" start="2025-11-18T11:05:28.748333" elapsed="3.293347"/>
</kw>
<status status="PASS" start="2025-11-18T11:05:28.746986" elapsed="3.294694"/>
</kw>
<var name="${user}">standard_user</var>
<status status="PASS" start="2025-11-18T11:05:21.697802" elapsed="10.343878"/>
</iter>
<iter>
<kw name="Open SauceDemo Login Page" owner="login">
<kw name="Open Browser" owner="SeleniumLibrary">
<msg time="2025-11-18T11:05:32.045478" level="INFO">Opening browser 'Firefox' to base url 'https://www.saucedemo.com'.</msg>
<arg>${URL}</arg>
<arg>Firefox</arg>
<doc>Opens a new browser instance to the optional ``url``.</doc>
<status status="PASS" start="2025-11-18T11:05:32.045478" elapsed="6.388134"/>
</kw>
<kw name="Maximize Browser Window" owner="SeleniumLibrary">
<doc>Maximizes current browser window.</doc>
<status status="PASS" start="2025-11-18T11:05:38.433612" elapsed="0.278226"/>
</kw>
<status status="PASS" start="2025-11-18T11:05:32.041680" elapsed="6.670158"/>
</kw>
<kw name="Login With Valid Credentials" owner="login">
<kw name="Wait Until Element Is Visible" owner="SeleniumLibrary">
<arg>${USERANME_FEILD}</arg>
<doc>Waits until the element ``locator`` is visible.</doc>
<status status="PASS" start="2025-11-18T11:05:38.713199" elapsed="0.041687"/>
</kw>
<kw name="Wait Until Element Is Visible" owner="SeleniumLibrary">
<arg>${PASSWORD_FEILD}</arg>
<doc>Waits until the element ``locator`` is visible.</doc>
<status status="PASS" start="2025-11-18T11:05:38.756897" elapsed="0.059544"/>
</kw>
<kw name="Input Text" owner="SeleniumLibrary">
<msg time="2025-11-18T11:05:38.816441" level="INFO">Typing text 'visual_user' into text field '//input[@id ='user-name']'.</msg>
<arg>${USERANME_FEILD}</arg>
<arg>${user_id}</arg>
<doc>Types the given ``text`` into the text field identified by ``locator``.</doc>
<status status="PASS" start="2025-11-18T11:05:38.816441" elapsed="0.107007"/>
</kw>
<kw name="Input Text" owner="SeleniumLibrary">
<msg time="2025-11-18T11:05:38.925460" level="INFO">Typing text 'secret_sauce' into text field '//input[@id ='password']'.</msg>
<arg>${PASSWORD_FEILD}</arg>
<arg>${password}</arg>
<doc>Types the given ``text`` into the text field identified by ``locator``.</doc>
<status status="PASS" start="2025-11-18T11:05:38.923448" elapsed="0.066066"/>
</kw>
<kw name="Click Button" owner="SeleniumLibrary">
<msg time="2025-11-18T11:05:38.989514" level="INFO">Clicking button '//input[@id ='login-button']'.</msg>
<arg>${LOGIN_BUTTON}</arg>
<doc>Clicks the button identified by ``locator``.</doc>
<status status="PASS" start="2025-11-18T11:05:38.989514" elapsed="0.186016"/>
</kw>
<arg>${user}</arg>
<arg>${PASSWORD}</arg>
<status status="PASS" start="2025-11-18T11:05:38.713199" elapsed="0.462331"/>
</kw>
<kw name="Verify Successful Login" owner="login">
<kw name="Page Should Contain Element" owner="SeleniumLibrary">
<msg time="2025-11-18T11:05:39.179545" level="INFO">Current page contains element '//div[@id ='inventory_container']'.</msg>
<arg>${INVENTORY_PAGE}</arg>
<doc>Verifies that element ``locator`` is found on the current page.</doc>
<status status="PASS" start="2025-11-18T11:05:39.177536" elapsed="0.002009"/>
</kw>
<status status="PASS" start="2025-11-18T11:05:39.175530" elapsed="0.004015"/>
</kw>
<kw name="Close Browser Session" owner="login">
<kw name="Close Browser" owner="SeleniumLibrary">
<doc>Closes the current browser.</doc>
<status status="PASS" start="2025-11-18T11:05:39.181551" elapsed="3.131315"/>
</kw>
<status status="PASS" start="2025-11-18T11:05:39.181551" elapsed="3.131315"/>
</kw>
<var name="${user}">visual_user</var>
<status status="PASS" start="2025-11-18T11:05:32.041680" elapsed="10.271186"/>
</iter>
<iter>
<kw name="Open SauceDemo Login Page" owner="login">
<kw name="Open Browser" owner="SeleniumLibrary">
<msg time="2025-11-18T11:05:42.312866" level="INFO">Opening browser 'Firefox' to base url 'https://www.saucedemo.com'.</msg>
<arg>${URL}</arg>
<arg>Firefox</arg>
<doc>Opens a new browser instance to the optional ``url``.</doc>
<status status="PASS" start="2025-11-18T11:05:42.312866" elapsed="6.265703"/>
</kw>
<kw name="Maximize Browser Window" owner="SeleniumLibrary">
<doc>Maximizes current browser window.</doc>
<status status="PASS" start="2025-11-18T11:05:48.578569" elapsed="0.284285"/>
</kw>
<status status="PASS" start="2025-11-18T11:05:42.312866" elapsed="6.549988"/>
</kw>
<kw name="Login With Valid Credentials" owner="login">
<kw name="Wait Until Element Is Visible" owner="SeleniumLibrary">
<arg>${USERANME_FEILD}</arg>
<doc>Waits until the element ``locator`` is visible.</doc>
<status status="PASS" start="2025-11-18T11:05:48.864865" elapsed="0.032780"/>
</kw>
<kw name="Wait Until Element Is Visible" owner="SeleniumLibrary">
<arg>${PASSWORD_FEILD}</arg>
<doc>Waits until the element ``locator`` is visible.</doc>
<status status="PASS" start="2025-11-18T11:05:48.897645" elapsed="0.031174"/>
</kw>
<kw name="Input Text" owner="SeleniumLibrary">
<msg time="2025-11-18T11:05:48.928819" level="INFO">Typing text 'problem_user' into text field '//input[@id ='user-name']'.</msg>
<arg>${USERANME_FEILD}</arg>
<arg>${user_id}</arg>
<doc>Types the given ``text`` into the text field identified by ``locator``.</doc>
<status status="PASS" start="2025-11-18T11:05:48.928819" elapsed="0.161393"/>
</kw>
<kw name="Input Text" owner="SeleniumLibrary">
<msg time="2025-11-18T11:05:49.090838" level="INFO">Typing text 'secret_sauce' into text field '//input[@id ='password']'.</msg>
<arg>${PASSWORD_FEILD}</arg>
<arg>${password}</arg>
<doc>Types the given ``text`` into the text field identified by ``locator``.</doc>
<status status="PASS" start="2025-11-18T11:05:49.090838" elapsed="0.071242"/>
</kw>
<kw name="Click Button" owner="SeleniumLibrary">
<msg time="2025-11-18T11:05:49.164088" level="INFO">Clicking button '//input[@id ='login-button']'.</msg>
<arg>${LOGIN_BUTTON}</arg>
<doc>Clicks the button identified by ``locator``.</doc>
<status status="PASS" start="2025-11-18T11:05:49.162080" elapsed="0.153353"/>
</kw>
<arg>${user}</arg>
<arg>${PASSWORD}</arg>
<status status="PASS" start="2025-11-18T11:05:48.862854" elapsed="0.452579"/>
</kw>
<kw name="Verify Successful Login" owner="login">
<kw name="Page Should Contain Element" owner="SeleniumLibrary">
<msg time="2025-11-18T11:05:49.321462" level="INFO">Current page contains element '//div[@id ='inventory_container']'.</msg>
<arg>${INVENTORY_PAGE}</arg>
<doc>Verifies that element ``locator`` is found on the current page.</doc>
<status status="PASS" start="2025-11-18T11:05:49.317443" elapsed="0.004019"/>
</kw>
<status status="PASS" start="2025-11-18T11:05:49.317443" elapsed="0.004019"/>
</kw>
<kw name="Close Browser Session" owner="login">
<kw name="Close Browser" owner="SeleniumLibrary">
<doc>Closes the current browser.</doc>
<status status="PASS" start="2025-11-18T11:05:49.323471" elapsed="3.216407"/>
</kw>
<status status="PASS" start="2025-11-18T11:05:49.321462" elapsed="3.218416"/>
</kw>
<var name="${user}">problem_user</var>
<status status="PASS" start="2025-11-18T11:05:42.312866" elapsed="10.227012"/>
</iter>
<iter>
<kw name="Open SauceDemo Login Page" owner="login">
<kw name="Open Browser" owner="SeleniumLibrary">
<msg time="2025-11-18T11:05:52.539878" level="INFO">Opening browser 'Firefox' to base url 'https://www.saucedemo.com'.</msg>
<arg>${URL}</arg>
<arg>Firefox</arg>
<doc>Opens a new browser instance to the optional ``url``.</doc>
<status status="PASS" start="2025-11-18T11:05:52.539878" elapsed="6.313802"/>
</kw>
<kw name="Maximize Browser Window" owner="SeleniumLibrary">
<doc>Maximizes current browser window.</doc>
<status status="PASS" start="2025-11-18T11:05:58.853680" elapsed="0.276355"/>
</kw>
<status status="PASS" start="2025-11-18T11:05:52.539878" elapsed="6.590157"/>
</kw>
<kw name="Login With Valid Credentials" owner="login">
<kw name="Wait Until Element Is Visible" owner="SeleniumLibrary">
<arg>${USERANME_FEILD}</arg>
<doc>Waits until the element ``locator`` is visible.</doc>
<status status="PASS" start="2025-11-18T11:05:59.130541" elapsed="0.056903"/>
</kw>
<kw name="Wait Until Element Is Visible" owner="SeleniumLibrary">
<arg>${PASSWORD_FEILD}</arg>
<doc>Waits until the element ``locator`` is visible.</doc>
<status status="PASS" start="2025-11-18T11:05:59.187444" elapsed="0.015447"/>
</kw>
<kw name="Input Text" owner="SeleniumLibrary">
<msg time="2025-11-18T11:05:59.204901" level="INFO">Typing text 'performance_glitch_user' into text field '//input[@id ='user-name']'.</msg>
<arg>${USERANME_FEILD}</arg>
<arg>${user_id}</arg>
<doc>Types the given ``text`` into the text field identified by ``locator``.</doc>
<status status="PASS" start="2025-11-18T11:05:59.204901" elapsed="0.111457"/>
</kw>
<kw name="Input Text" owner="SeleniumLibrary">
<msg time="2025-11-18T11:05:59.317136" level="INFO">Typing text 'secret_sauce' into text field '//input[@id ='password']'.</msg>
<arg>${PASSWORD_FEILD}</arg>
<arg>${password}</arg>
<doc>Types the given ``text`` into the text field identified by ``locator``.</doc>
<status status="PASS" start="2025-11-18T11:05:59.316358" elapsed="0.048478"/>
</kw>
<kw name="Click Button" owner="SeleniumLibrary">
<msg time="2025-11-18T11:05:59.366116" level="INFO">Clicking button '//input[@id ='login-button']'.</msg>
<arg>${LOGIN_BUTTON}</arg>
<doc>Clicks the button identified by ``locator``.</doc>
<status status="PASS" start="2025-11-18T11:05:59.366116" elapsed="5.113010"/>
</kw>
<arg>${user}</arg>
<arg>${PASSWORD}</arg>
<status status="PASS" start="2025-11-18T11:05:59.130541" elapsed="5.348585"/>
</kw>
<kw name="Verify Successful Login" owner="login">
<kw name="Page Should Contain Element" owner="SeleniumLibrary">
<msg time="2025-11-18T11:06:04.479126" level="INFO">Current page contains element '//div[@id ='inventory_container']'.</msg>
<arg>${INVENTORY_PAGE}</arg>
<doc>Verifies that element ``locator`` is found on the current page.</doc>
<status status="PASS" start="2025-11-18T11:06:04.479126" elapsed="0.000000"/>
</kw>
<status status="PASS" start="2025-11-18T11:06:04.479126" elapsed="0.000000"/>
</kw>
<kw name="Close Browser Session" owner="login">
<kw name="Close Browser" owner="SeleniumLibrary">
<doc>Closes the current browser.</doc>
<status status="PASS" start="2025-11-18T11:06:04.479126" elapsed="3.013185"/>
</kw>
<status status="PASS" start="2025-11-18T11:06:04.479126" elapsed="3.013185"/>
</kw>
<var name="${user}">performance_glitch_user</var>
<status status="PASS" start="2025-11-18T11:05:52.539878" elapsed="14.952433"/>
</iter>
<iter>
<kw name="Open SauceDemo Login Page" owner="login">
<kw name="Open Browser" owner="SeleniumLibrary">
<msg time="2025-11-18T11:06:07.492311" level="INFO">Opening browser 'Firefox' to base url 'https://www.saucedemo.com'.</msg>
<arg>${URL}</arg>
<arg>Firefox</arg>
<doc>Opens a new browser instance to the optional ``url``.</doc>
<status status="PASS" start="2025-11-18T11:06:07.492311" elapsed="6.178146"/>
</kw>
<kw name="Maximize Browser Window" owner="SeleniumLibrary">
<doc>Maximizes current browser window.</doc>
<status status="PASS" start="2025-11-18T11:06:13.670457" elapsed="0.289966"/>
</kw>
<status status="PASS" start="2025-11-18T11:06:07.492311" elapsed="6.468112"/>
</kw>
<kw name="Login With Valid Credentials" owner="login">
<kw name="Wait Until Element Is Visible" owner="SeleniumLibrary">
<arg>${USERANME_FEILD}</arg>
<doc>Waits until the element ``locator`` is visible.</doc>
<status status="PASS" start="2025-11-18T11:06:13.963228" elapsed="0.063186"/>
</kw>
<kw name="Wait Until Element Is Visible" owner="SeleniumLibrary">
<arg>${PASSWORD_FEILD}</arg>
<doc>Waits until the element ``locator`` is visible.</doc>
<status status="PASS" start="2025-11-18T11:06:14.026414" elapsed="0.015754"/>
</kw>
<kw name="Input Text" owner="SeleniumLibrary">
<msg time="2025-11-18T11:06:14.047970" level="INFO">Typing text 'error_user' into text field '//input[@id ='user-name']'.</msg>
<arg>${USERANME_FEILD}</arg>
<arg>${user_id}</arg>
<doc>Types the given ``text`` into the text field identified by ``locator``.</doc>
<status status="PASS" start="2025-11-18T11:06:14.042168" elapsed="0.051936"/>
</kw>
<kw name="Input Text" owner="SeleniumLibrary">
<msg time="2025-11-18T11:06:14.094104" level="INFO">Typing text 'secret_sauce' into text field '//input[@id ='password']'.</msg>
<arg>${PASSWORD_FEILD}</arg>
<arg>${password}</arg>
<doc>Types the given ``text`` into the text field identified by ``locator``.</doc>
<status status="PASS" start="2025-11-18T11:06:14.094104" elapsed="0.046269"/>
</kw>
<kw name="Click Button" owner="SeleniumLibrary">
<msg time="2025-11-18T11:06:14.140373" level="INFO">Clicking button '//input[@id ='login-button']'.</msg>
<arg>${LOGIN_BUTTON}</arg>
<doc>Clicks the button identified by ``locator``.</doc>
<status status="PASS" start="2025-11-18T11:06:14.140373" elapsed="0.139362"/>
</kw>
<arg>${user}</arg>
<arg>${PASSWORD}</arg>
<status status="PASS" start="2025-11-18T11:06:13.962562" elapsed="0.317173"/>
</kw>
<kw name="Verify Successful Login" owner="login">
<kw name="Page Should Contain Element" owner="SeleniumLibrary">
<msg time="2025-11-18T11:06:14.283734" level="INFO">Current page contains element '//div[@id ='inventory_container']'.</msg>
<arg>${INVENTORY_PAGE}</arg>
<doc>Verifies that element ``locator`` is found on the current page.</doc>
<status status="PASS" start="2025-11-18T11:06:14.279735" elapsed="0.003999"/>
</kw>
<status status="PASS" start="2025-11-18T11:06:14.279735" elapsed="0.006011"/>
</kw>
<kw name="Close Browser Session" owner="login">
<kw name="Close Browser" owner="SeleniumLibrary">
<doc>Closes the current browser.</doc>
<status status="PASS" start="2025-11-18T11:06:14.285746" elapsed="3.156043"/>
</kw>
<status status="PASS" start="2025-11-18T11:06:14.285746" elapsed="3.156043"/>
</kw>
<var name="${user}">error_user</var>
<status status="PASS" start="2025-11-18T11:06:07.492311" elapsed="9.949478"/>
</iter>
<var>${user}</var>
<value>@{USERS}</value>
<status status="PASS" start="2025-11-18T11:05:21.697802" elapsed="55.743987"/>
</for>
<kw name="Close Browser" owner="SeleniumLibrary" type="TEARDOWN">
<doc>Closes the current browser.</doc>
<status status="PASS" start="2025-11-18T11:06:17.441789" elapsed="0.000000"/>
</kw>
<status status="PASS" start="2025-11-18T11:05:21.697802" elapsed="55.743987"/>
</test>
<test id="s1-t2" name="End to end flow of Sauce Lab" line="19">
<kw name="Open SauceDemo Login Page" owner="login">
<kw name="Open Browser" owner="SeleniumLibrary">
<msg time="2025-11-18T11:06:17.447991" level="INFO">Opening browser 'Firefox' to base url 'https://www.saucedemo.com'.</msg>
<arg>${URL}</arg>
<arg>Firefox</arg>
<doc>Opens a new browser instance to the optional ``url``.</doc>
<status status="PASS" start="2025-11-18T11:06:17.447991" elapsed="6.188033"/>
</kw>
<kw name="Maximize Browser Window" owner="SeleniumLibrary">
<doc>Maximizes current browser window.</doc>
<status status="PASS" start="2025-11-18T11:06:23.636024" elapsed="0.309143"/>
</kw>
<status status="PASS" start="2025-11-18T11:06:17.447991" elapsed="6.497176"/>
</kw>
<kw name="Login With Valid Credentials" owner="login">
<kw name="Wait Until Element Is Visible" owner="SeleniumLibrary">
<arg>${USERANME_FEILD}</arg>
<doc>Waits until the element ``locator`` is visible.</doc>
<status status="PASS" start="2025-11-18T11:06:23.947180" elapsed="0.032507"/>
</kw>
<kw name="Wait Until Element Is Visible" owner="SeleniumLibrary">
<arg>${PASSWORD_FEILD}</arg>
<doc>Waits until the element ``locator`` is visible.</doc>
<status status="PASS" start="2025-11-18T11:06:23.979687" elapsed="0.015671"/>
</kw>
<kw name="Input Text" owner="SeleniumLibrary">
<msg time="2025-11-18T11:06:23.995866" level="INFO">Typing text 'standard_user' into text field '//input[@id ='user-name']'.</msg>
<arg>${USERANME_FEILD}</arg>
<arg>${user_id}</arg>
<doc>Types the given ``text`` into the text field identified by ``locator``.</doc>
<status status="PASS" start="2025-11-18T11:06:23.995866" elapsed="0.087474"/>
</kw>
<kw name="Input Text" owner="SeleniumLibrary">
<msg time="2025-11-18T11:06:24.083340" level="INFO">Typing text 'secret_sauce' into text field '//input[@id ='password']'.</msg>
<arg>${PASSWORD_FEILD}</arg>
<arg>${password}</arg>
<doc>Types the given ``text`` into the text field identified by ``locator``.</doc>
<status status="PASS" start="2025-11-18T11:06:24.083340" elapsed="0.039053"/>
</kw>
<kw name="Click Button" owner="SeleniumLibrary">
<msg time="2025-11-18T11:06:24.122393" level="INFO">Clicking button '//input[@id ='login-button']'.</msg>
<arg>${LOGIN_BUTTON}</arg>
<doc>Clicks the button identified by ``locator``.</doc>
<status status="PASS" start="2025-11-18T11:06:24.122393" elapsed="0.116525"/>
</kw>
<arg>${user_id}</arg>
<arg>${PASSWORD}</arg>
<status status="PASS" start="2025-11-18T11:06:23.947180" elapsed="0.293796"/>
</kw>
<kw name="List of products and click on each Element" owner="Inventory">
<kw name="Get WebElements" owner="SeleniumLibrary">
<msg time="2025-11-18T11:06:24.247797" level="INFO">@{List} = [ &lt;selenium.webdriver.remote.webelement.WebElement (session="9bf01718-4a01-469d-b605-9c1931ad1f3c", element="49ff82c4-f4f7-454a-82a8-c0571d67e80f")&gt; | &lt;selenium.webdriver.remote.webelement.WebElement ...</msg>
<var>@{List}</var>
<arg>xpath=//div[@data-test='inventory-item-name']</arg>
<doc>Returns a list of WebElement objects matching the ``locator``.</doc>
<status status="PASS" start="2025-11-18T11:06:24.240976" elapsed="0.006821"/>
</kw>
<for flavor="IN">
<iter>
<kw name="Get Text" owner="SeleniumLibrary">
<msg time="2025-11-18T11:06:24.277037" level="INFO">${Text} = Sauce Labs Backpack</msg>
<var>${Text}</var>
<arg>${element}</arg>
<doc>Returns the text value of the element identified by ``locator``.</doc>
<status status="PASS" start="2025-11-18T11:06:24.247797" elapsed="0.029240"/>
</kw>
<kw name="Get Text" owner="SeleniumLibrary">
<msg time="2025-11-18T11:06:24.293989" level="INFO">${Description} = carry.allTheThings() with the sleek, streamlined Sly Pack that melds uncompromising style with unequaled laptop and tablet protection.</msg>
<var>${Description}</var>
<arg>//div[@data-test='inventory-item-desc']</arg>
<doc>Returns the text value of the element identified by ``locator``.</doc>
<status status="PASS" start="2025-11-18T11:06:24.277037" elapsed="0.016952"/>
</kw>
<kw name="Get Text" owner="SeleniumLibrary">
<msg time="2025-11-18T11:06:24.309197" level="INFO">${Price} = $29.99</msg>
<var>${Price}</var>
<arg>//div[@data-test='inventory-item-price']</arg>
<doc>Returns the text value of the element identified by ``locator``.</doc>
<status status="PASS" start="2025-11-18T11:06:24.293989" elapsed="0.015208"/>
</kw>
<kw name="Click Button" owner="SeleniumLibrary">
<msg time="2025-11-18T11:06:24.311213" level="INFO">Clicking button '//button[text()='Add to cart']'.</msg>
<arg>//button[text()='Add to cart']</arg>
<doc>Clicks the button identified by ``locator``.</doc>
<status status="PASS" start="2025-11-18T11:06:24.309197" elapsed="0.126433"/>
</kw>
<kw name="Sleep" owner="BuiltIn">
<msg time="2025-11-18T11:06:27.439415" level="INFO">Slept 3 seconds.</msg>
<arg>3s</arg>
<doc>Pauses the test executed for the given time.</doc>
<status status="PASS" start="2025-11-18T11:06:24.435630" elapsed="3.003785"/>
</kw>
<kw name="Log" owner="BuiltIn">
<msg time="2025-11-18T11:06:27.439415" level="INFO">Sauce Labs Backpack</msg>
<arg>${Text}</arg>
<doc>Logs the given message with the given level.</doc>
<status status="PASS" start="2025-11-18T11:06:27.439415" elapsed="0.000000"/>
</kw>
<kw name="Log" owner="BuiltIn">
<msg time="2025-11-18T11:06:27.439415" level="INFO">carry.allTheThings() with the sleek, streamlined Sly Pack that melds uncompromising style with unequaled laptop and tablet protection.</msg>
<arg>${Description}</arg>
<doc>Logs the given message with the given level.</doc>
<status status="PASS" start="2025-11-18T11:06:27.439415" elapsed="0.000000"/>
</kw>
<kw name="Log" owner="BuiltIn">
<msg time="2025-11-18T11:06:27.439415" level="INFO">$29.99</msg>
<arg>${Price}</arg>
<doc>Logs the given message with the given level.</doc>
<status status="PASS" start="2025-11-18T11:06:27.439415" elapsed="0.000000"/>
</kw>
<var name="${element}">&lt;selenium.webdriver.remote.webelement.WebElement (session="9bf01718-4a01-469d-b605-9c1931ad1f3c", element="49ff82c4-f4f7-454a-82a8-c0571d67e80f")&gt;</var>
<status status="PASS" start="2025-11-18T11:06:24.247797" elapsed="3.191618"/>
</iter>
<iter>
<kw name="Get Text" owner="SeleniumLibrary">
<msg time="2025-11-18T11:06:27.442014" level="INFO">${Text} = Sauce Labs Bike Light</msg>
<var>${Text}</var>
<arg>${element}</arg>
<doc>Returns the text value of the element identified by ``locator``.</doc>
<status status="PASS" start="2025-11-18T11:06:27.442014" elapsed="0.000000"/>
</kw>
<kw name="Get Text" owner="SeleniumLibrary">
<msg time="2025-11-18T11:06:27.462909" level="INFO">${Description} = carry.allTheThings() with the sleek, streamlined Sly Pack that melds uncompromising style with unequaled laptop and tablet protection.</msg>
<var>${Description}</var>
<arg>//div[@data-test='inventory-item-desc']</arg>
<doc>Returns the text value of the element identified by ``locator``.</doc>
<status status="PASS" start="2025-11-18T11:06:27.442014" elapsed="0.020895"/>
</kw>
<kw name="Get Text" owner="SeleniumLibrary">
<msg time="2025-11-18T11:06:27.470004" level="INFO">${Price} = $29.99</msg>
<var>${Price}</var>
<arg>//div[@data-test='inventory-item-price']</arg>
<doc>Returns the text value of the element identified by ``locator``.</doc>
<status status="PASS" start="2025-11-18T11:06:27.462909" elapsed="0.007095"/>
</kw>
<kw name="Click Button" owner="SeleniumLibrary">
<msg time="2025-11-18T11:06:27.470004" level="INFO">Clicking button '//button[text()='Add to cart']'.</msg>
<arg>//button[text()='Add to cart']</arg>
<doc>Clicks the button identified by ``locator``.</doc>
<status status="PASS" start="2025-11-18T11:06:27.470004" elapsed="0.106752"/>
</kw>
<kw name="Sleep" owner="BuiltIn">
<msg time="2025-11-18T11:06:30.577503" level="INFO">Slept 3 seconds.</msg>
<arg>3s</arg>
<doc>Pauses the test executed for the given time.</doc>
<status status="PASS" start="2025-11-18T11:06:27.576756" elapsed="3.000747"/>
</kw>
<kw name="Log" owner="BuiltIn">
<msg time="2025-11-18T11:06:30.577503" level="INFO">Sauce Labs Bike Light</msg>
<arg>${Text}</arg>
<doc>Logs the given message with the given level.</doc>
<status status="PASS" start="2025-11-18T11:06:30.577503" elapsed="0.000000"/>
</kw>
<kw name="Log" owner="BuiltIn">
<msg time="2025-11-18T11:06:30.577503" level="INFO">carry.allTheThings() with the sleek, streamlined Sly Pack that melds uncompromising style with unequaled laptop and tablet protection.</msg>
<arg>${Description}</arg>
<doc>Logs the given message with the given level.</doc>
<status status="PASS" start="2025-11-18T11:06:30.577503" elapsed="0.000000"/>
</kw>
<kw name="Log" owner="BuiltIn">
<msg time="2025-11-18T11:06:30.577503" level="INFO">$29.99</msg>
<arg>${Price}</arg>
<doc>Logs the given message with the given level.</doc>
<status status="PASS" start="2025-11-18T11:06:30.577503" elapsed="0.000000"/>
</kw>
<var name="${element}">&lt;selenium.webdriver.remote.webelement.WebElement (session="9bf01718-4a01-469d-b605-9c1931ad1f3c", element="611f785b-13a5-4432-ae8d-de27d2e22539")&gt;</var>
<status status="PASS" start="2025-11-18T11:06:27.442014" elapsed="3.135489"/>
</iter>
<iter>
<kw name="Get Text" owner="SeleniumLibrary">
<msg time="2025-11-18T11:06:30.592029" level="INFO">${Text} = Sauce Labs Bolt T-Shirt</msg>
<var>${Text}</var>
<arg>${element}</arg>
<doc>Returns the text value of the element identified by ``locator``.</doc>
<status status="PASS" start="2025-11-18T11:06:30.577503" elapsed="0.014526"/>
</kw>
<kw name="Get Text" owner="SeleniumLibrary">
<msg time="2025-11-18T11:06:30.607294" level="INFO">${Description} = carry.allTheThings() with the sleek, streamlined Sly Pack that melds uncompromising style with unequaled laptop and tablet protection.</msg>
<var>${Description}</var>
<arg>//div[@data-test='inventory-item-desc']</arg>
<doc>Returns the text value of the element identified by ``locator``.</doc>
<status status="PASS" start="2025-11-18T11:06:30.592029" elapsed="0.015265"/>
</kw>
<kw name="Get Text" owner="SeleniumLibrary">
<msg time="2025-11-18T11:06:30.614955" level="INFO">${Price} = $29.99</msg>
<var>${Price}</var>
<arg>//div[@data-test='inventory-item-price']</arg>
<doc>Returns the text value of the element identified by ``locator``.</doc>
<status status="PASS" start="2025-11-18T11:06:30.607294" elapsed="0.007661"/>
</kw>
<kw name="Click Button" owner="SeleniumLibrary">
<msg time="2025-11-18T11:06:30.614955" level="INFO">Clicking button '//button[text()='Add to cart']'.</msg>
<arg>//button[text()='Add to cart']</arg>
<doc>Clicks the button identified by ``locator``.</doc>
<status status="PASS" start="2025-11-18T11:06:30.614955" elapsed="0.109261"/>
</kw>
<kw name="Sleep" owner="BuiltIn">
<msg time="2025-11-18T11:06:33.724606" level="INFO">Slept 3 seconds.</msg>
<arg>3s</arg>
<doc>Pauses the test executed for the given time.</doc>
<status status="PASS" start="2025-11-18T11:06:30.724216" elapsed="3.000390"/>
</kw>
<kw name="Log" owner="BuiltIn">
<msg time="2025-11-18T11:06:33.725623" level="INFO">Sauce Labs Bolt T-Shirt</msg>
<arg>${Text}</arg>
<doc>Logs the given message with the given level.</doc>
<status status="PASS" start="2025-11-18T11:06:33.724606" elapsed="0.001017"/>
</kw>
<kw name="Log" owner="BuiltIn">
<msg time="2025-11-18T11:06:33.725623" level="INFO">carry.allTheThings() with the sleek, streamlined Sly Pack that melds uncompromising style with unequaled laptop and tablet protection.</msg>
<arg>${Description}</arg>
<doc>Logs the given message with the given level.</doc>
<status status="PASS" start="2025-11-18T11:06:33.725623" elapsed="0.000000"/>
</kw>
<kw name="Log" owner="BuiltIn">
<msg time="2025-11-18T11:06:33.725623" level="INFO">$29.99</msg>
<arg>${Price}</arg>
<doc>Logs the given message with the given level.</doc>
<status status="PASS" start="2025-11-18T11:06:33.725623" elapsed="0.002016"/>
</kw>
<var name="${element}">&lt;selenium.webdriver.remote.webelement.WebElement (session="9bf01718-4a01-469d-b605-9c1931ad1f3c", element="320d99a5-ce96-49f3-80d5-c55e98e3e46c")&gt;</var>
<status status="PASS" start="2025-11-18T11:06:30.577503" elapsed="3.150136"/>
</iter>
<iter>
<kw name="Get Text" owner="SeleniumLibrary">
<msg time="2025-11-18T11:06:33.727639" level="INFO">${Text} = Sauce Labs Fleece Jacket</msg>
<var>${Text}</var>
<arg>${element}</arg>
<doc>Returns the text value of the element identified by ``locator``.</doc>
<status status="PASS" start="2025-11-18T11:06:33.727639" elapsed="0.000000"/>
</kw>
<kw name="Get Text" owner="SeleniumLibrary">
<msg time="2025-11-18T11:06:33.747143" level="INFO">${Description} = carry.allTheThings() with the sleek, streamlined Sly Pack that melds uncompromising style with unequaled laptop and tablet protection.</msg>
<var>${Description}</var>
<arg>//div[@data-test='inventory-item-desc']</arg>
<doc>Returns the text value of the element identified by ``locator``.</doc>
<status status="PASS" start="2025-11-18T11:06:33.727639" elapsed="0.019504"/>
</kw>
<kw name="Get Text" owner="SeleniumLibrary">
<msg time="2025-11-18T11:06:33.756216" level="INFO">${Price} = $29.99</msg>
<var>${Price}</var>
<arg>//div[@data-test='inventory-item-price']</arg>
<doc>Returns the text value of the element identified by ``locator``.</doc>
<status status="PASS" start="2025-11-18T11:06:33.747143" elapsed="0.009073"/>
</kw>
<kw name="Click Button" owner="SeleniumLibrary">
<msg time="2025-11-18T11:06:33.756216" level="INFO">Clicking button '//button[text()='Add to cart']'.</msg>
<arg>//button[text()='Add to cart']</arg>
<doc>Clicks the button identified by ``locator``.</doc>
<status status="PASS" start="2025-11-18T11:06:33.756216" elapsed="0.107518"/>
</kw>
<kw name="Sleep" owner="BuiltIn">
<msg time="2025-11-18T11:06:36.864482" level="INFO">Slept 3 seconds.</msg>
<arg>3s</arg>
<doc>Pauses the test executed for the given time.</doc>
<status status="PASS" start="2025-11-18T11:06:33.863734" elapsed="3.000748"/>
</kw>
<kw name="Log" owner="BuiltIn">
<msg time="2025-11-18T11:06:36.864482" level="INFO">Sauce Labs Fleece Jacket</msg>
<arg>${Text}</arg>
<doc>Logs the given message with the given level.</doc>
<status status="PASS" start="2025-11-18T11:06:36.864482" elapsed="0.000000"/>
</kw>
<kw name="Log" owner="BuiltIn">
<msg time="2025-11-18T11:06:36.866245" level="INFO">carry.allTheThings() with the sleek, streamlined Sly Pack that melds uncompromising style with unequaled laptop and tablet protection.</msg>
<arg>${Description}</arg>
<doc>Logs the given message with the given level.</doc>
<status status="PASS" start="2025-11-18T11:06:36.864482" elapsed="0.001763"/>
</kw>
<kw name="Log" owner="BuiltIn">
<msg time="2025-11-18T11:06:36.866245" level="INFO">$29.99</msg>
<arg>${Price}</arg>
<doc>Logs the given message with the given level.</doc>
<status status="PASS" start="2025-11-18T11:06:36.866245" elapsed="0.000000"/>
</kw>
<var name="${element}">&lt;selenium.webdriver.remote.webelement.WebElement (session="9bf01718-4a01-469d-b605-9c1931ad1f3c", element="1f0177c1-16fc-409f-aa12-72c48af1cb4a")&gt;</var>
<status status="PASS" start="2025-11-18T11:06:33.727639" elapsed="3.138606"/>
</iter>
<iter>
<kw name="Get Text" owner="SeleniumLibrary">
<msg time="2025-11-18T11:06:36.875742" level="INFO">${Text} = Sauce Labs Onesie</msg>
<var>${Text}</var>
<arg>${element}</arg>
<doc>Returns the text value of the element identified by ``locator``.</doc>
<status status="PASS" start="2025-11-18T11:06:36.866245" elapsed="0.009497"/>
</kw>
<kw name="Get Text" owner="SeleniumLibrary">
<msg time="2025-11-18T11:06:36.890924" level="INFO">${Description} = carry.allTheThings() with the sleek, streamlined Sly Pack that melds uncompromising style with unequaled laptop and tablet protection.</msg>
<var>${Description}</var>
<arg>//div[@data-test='inventory-item-desc']</arg>
<doc>Returns the text value of the element identified by ``locator``.</doc>
<status status="PASS" start="2025-11-18T11:06:36.875742" elapsed="0.015182"/>
</kw>
<kw name="Get Text" owner="SeleniumLibrary">
<msg time="2025-11-18T11:06:36.895487" level="INFO">${Price} = $29.99</msg>
<var>${Price}</var>
<arg>//div[@data-test='inventory-item-price']</arg>
<doc>Returns the text value of the element identified by ``locator``.</doc>
<status status="PASS" start="2025-11-18T11:06:36.890924" elapsed="0.004563"/>
</kw>
<kw name="Click Button" owner="SeleniumLibrary">
<msg time="2025-11-18T11:06:36.895487" level="INFO">Clicking button '//button[text()='Add to cart']'.</msg>
<arg>//button[text()='Add to cart']</arg>
<doc>Clicks the button identified by ``locator``.</doc>
<status status="PASS" start="2025-11-18T11:06:36.895487" elapsed="0.096417"/>
</kw>
<kw name="Sleep" owner="BuiltIn">
<msg time="2025-11-18T11:06:39.994805" level="INFO">Slept 3 seconds.</msg>
<arg>3s</arg>
<doc>Pauses the test executed for the given time.</doc>
<status status="PASS" start="2025-11-18T11:06:36.994428" elapsed="3.000377"/>
</kw>
<kw name="Log" owner="BuiltIn">
<msg time="2025-11-18T11:06:39.994805" level="INFO">Sauce Labs Onesie</msg>
<arg>${Text}</arg>
<doc>Logs the given message with the given level.</doc>
<status status="PASS" start="2025-11-18T11:06:39.994805" elapsed="0.000000"/>
</kw>
<kw name="Log" owner="BuiltIn">
<msg time="2025-11-18T11:06:39.994805" level="INFO">carry.allTheThings() with the sleek, streamlined Sly Pack that melds uncompromising style with unequaled laptop and tablet protection.</msg>
<arg>${Description}</arg>
<doc>Logs the given message with the given level.</doc>
<status status="PASS" start="2025-11-18T11:06:39.994805" elapsed="0.002018"/>
</kw>
<kw name="Log" owner="BuiltIn">
<msg time="2025-11-18T11:06:39.996823" level="INFO">$29.99</msg>
<arg>${Price}</arg>
<doc>Logs the given message with the given level.</doc>
<status status="PASS" start="2025-11-18T11:06:39.996823" elapsed="0.000000"/>
</kw>
<var name="${element}">&lt;selenium.webdriver.remote.webelement.WebElement (session="9bf01718-4a01-469d-b605-9c1931ad1f3c", element="d1d72baf-e0da-4a90-929f-8485d2ffc16a")&gt;</var>
<status status="PASS" start="2025-11-18T11:06:36.866245" elapsed="3.130578"/>
</iter>
<iter>
<kw name="Get Text" owner="SeleniumLibrary">
<msg time="2025-11-18T11:06:40.005690" level="INFO">${Text} = Test.allTheThings() T-Shirt (Red)</msg>
<var>${Text}</var>
<arg>${element}</arg>
<doc>Returns the text value of the element identified by ``locator``.</doc>
<status status="PASS" start="2025-11-18T11:06:39.996823" elapsed="0.008867"/>
</kw>
<kw name="Get Text" owner="SeleniumLibrary">
<msg time="2025-11-18T11:06:40.025302" level="INFO">${Description} = carry.allTheThings() with the sleek, streamlined Sly Pack that melds uncompromising style with unequaled laptop and tablet protection.</msg>
<var>${Description}</var>
<arg>//div[@data-test='inventory-item-desc']</arg>
<doc>Returns the text value of the element identified by ``locator``.</doc>
<status status="PASS" start="2025-11-18T11:06:40.005690" elapsed="0.019612"/>
</kw>
<kw name="Get Text" owner="SeleniumLibrary">
<msg time="2025-11-18T11:06:40.036416" level="INFO">${Price} = $29.99</msg>
<var>${Price}</var>
<arg>//div[@data-test='inventory-item-price']</arg>
<doc>Returns the text value of the element identified by ``locator``.</doc>
<status status="PASS" start="2025-11-18T11:06:40.025302" elapsed="0.011114"/>
</kw>
<kw name="Click Button" owner="SeleniumLibrary">
<msg time="2025-11-18T11:06:40.036416" level="INFO">Clicking button '//button[text()='Add to cart']'.</msg>
<arg>//button[text()='Add to cart']</arg>
<doc>Clicks the button identified by ``locator``.</doc>
<status status="PASS" start="2025-11-18T11:06:40.036416" elapsed="0.091098"/>
</kw>
<kw name="Sleep" owner="BuiltIn">
<msg time="2025-11-18T11:06:43.127833" level="INFO">Slept 3 seconds.</msg>
<arg>3s</arg>
<doc>Pauses the test executed for the given time.</doc>
<status status="PASS" start="2025-11-18T11:06:40.127514" elapsed="3.000319"/>
</kw>
<kw name="Log" owner="BuiltIn">
<msg time="2025-11-18T11:06:43.127833" level="INFO">Test.allTheThings() T-Shirt (Red)</msg>
<arg>${Text}</arg>
<doc>Logs the given message with the given level.</doc>
<status status="PASS" start="2025-11-18T11:06:43.127833" elapsed="0.000000"/>
</kw>
<kw name="Log" owner="BuiltIn">
<msg time="2025-11-18T11:06:43.127833" level="INFO">carry.allTheThings() with the sleek, streamlined Sly Pack that melds uncompromising style with unequaled laptop and tablet protection.</msg>
<arg>${Description}</arg>
<doc>Logs the given message with the given level.</doc>
<status status="PASS" start="2025-11-18T11:06:43.127833" elapsed="0.000000"/>
</kw>
<kw name="Log" owner="BuiltIn">
<msg time="2025-11-18T11:06:43.127833" level="INFO">$29.99</msg>
<arg>${Price}</arg>
<doc>Logs the given message with the given level.</doc>
<status status="PASS" start="2025-11-18T11:06:43.127833" elapsed="0.000000"/>
</kw>
<var name="${element}">&lt;selenium.webdriver.remote.webelement.WebElement (session="9bf01718-4a01-469d-b605-9c1931ad1f3c", element="7079bc1c-4397-444b-9cc3-8f00d43e4d0f")&gt;</var>
<status status="PASS" start="2025-11-18T11:06:39.996823" elapsed="3.131010"/>
</iter>
<var>${element}</var>
<value>@{List}</value>
<status status="PASS" start="2025-11-18T11:06:24.247797" elapsed="18.880036"/>
</for>
<status status="PASS" start="2025-11-18T11:06:24.240976" elapsed="18.886857"/>
</kw>
<kw name="Go To cart and check" owner="Inventory">
<kw name="Click Element" owner="SeleniumLibrary">
<msg time="2025-11-18T11:06:43.132475" level="INFO">Clicking element 'id=shopping_cart_container'.</msg>
<arg>id=shopping_cart_container</arg>
<doc>Click the element identified by ``locator``.</doc>
<status status="PASS" start="2025-11-18T11:06:43.127833" elapsed="0.080813"/>
</kw>
<kw name="Sleep" owner="BuiltIn">
<msg time="2025-11-18T11:06:46.208916" level="INFO">Slept 3 seconds.</msg>
<arg>3s</arg>
<doc>Pauses the test executed for the given time.</doc>
<status status="PASS" start="2025-11-18T11:06:43.208646" elapsed="3.000270"/>
</kw>
<status status="PASS" start="2025-11-18T11:06:43.127833" elapsed="3.081083"/>
</kw>
<kw name="Click on Checkout button" owner="CartPage">
<kw name="Wait Until Element Is Visible" owner="SeleniumLibrary">
<arg>id:checkout</arg>
<doc>Waits until the element ``locator`` is visible.</doc>
<status status="PASS" start="2025-11-18T11:06:46.208916" elapsed="0.021176"/>
</kw>
<kw name="Click Button" owner="SeleniumLibrary">
<msg time="2025-11-18T11:06:46.230092" level="INFO">Clicking button 'id:checkout'.</msg>
<arg>id:checkout</arg>
<doc>Clicks the button identified by ``locator``.</doc>
<status status="PASS" start="2025-11-18T11:06:46.230092" elapsed="0.091831"/>
</kw>
<status status="PASS" start="2025-11-18T11:06:46.208916" elapsed="0.113007"/>
</kw>
<kw name="Fill the user name and address" owner="checkout">
<kw name="Wait Until Element Is Visible" owner="SeleniumLibrary">
<arg>id:first-name</arg>
<doc>Waits until the element ``locator`` is visible.</doc>
<status status="PASS" start="2025-11-18T11:06:46.321923" elapsed="0.015298"/>
</kw>
<kw name="Input Text" owner="SeleniumLibrary">
<msg time="2025-11-18T11:06:46.337221" level="INFO">Typing text 'Avinash' into text field 'first-name'.</msg>
<arg>first-name</arg>
<arg>Avinash</arg>
<doc>Types the given ``text`` into the text field identified by ``locator``.</doc>
<status status="PASS" start="2025-11-18T11:06:46.337221" elapsed="0.032368"/>
</kw>
<kw name="Wait Until Element Is Visible" owner="SeleniumLibrary">
<arg>id:last-name</arg>
<doc>Waits until the element ``locator`` is visible.</doc>
<status status="PASS" start="2025-11-18T11:06:46.369589" elapsed="0.013095"/>
</kw>
<kw name="Input Text" owner="SeleniumLibrary">
<msg time="2025-11-18T11:06:46.382684" level="INFO">Typing text 'Kumar' into text field 'id:last-name'.</msg>
<arg>id:last-name</arg>
<arg>Kumar</arg>
<doc>Types the given ``text`` into the text field identified by ``locator``.</doc>
<status status="PASS" start="2025-11-18T11:06:46.382684" elapsed="0.015453"/>
</kw>
<kw name="Wait Until Element Is Visible" owner="SeleniumLibrary">
<arg>id:postal-code</arg>
<doc>Waits until the element ``locator`` is visible.</doc>
<status status="PASS" start="2025-11-18T11:06:46.409974" elapsed="0.005286"/>
</kw>
<kw name="Input Text" owner="SeleniumLibrary">
<msg time="2025-11-18T11:06:46.415260" level="INFO">Typing text '560037' into text field 'id:postal-code'.</msg>
<arg>id:postal-code</arg>
<arg>560037</arg>
<doc>Types the given ``text`` into the text field identified by ``locator``.</doc>
<status status="PASS" start="2025-11-18T11:06:46.415260" elapsed="0.013318"/>
</kw>
<kw name="Wait Until Element Is Visible" owner="SeleniumLibrary">
<arg>id:continue</arg>
<doc>Waits until the element ``locator`` is visible.</doc>
<status status="PASS" start="2025-11-18T11:06:46.428578" elapsed="0.019625"/>
</kw>
<kw name="Click Button" owner="SeleniumLibrary">
<msg time="2025-11-18T11:06:46.448203" level="INFO">Clicking button 'id:continue'.</msg>
<arg>id:continue</arg>
<doc>Clicks the button identified by ``locator``.</doc>
<status status="PASS" start="2025-11-18T11:06:46.448203" elapsed="0.072220"/>
</kw>
<status status="PASS" start="2025-11-18T11:06:46.321923" elapsed="0.198500"/>
</kw>
<kw name="Sleep" owner="BuiltIn">
<msg time="2025-11-18T11:06:48.520660" level="INFO">Slept 2 seconds.</msg>
<arg>2s</arg>
<doc>Pauses the test executed for the given time.</doc>
<status status="PASS" start="2025-11-18T11:06:46.520423" elapsed="2.000237"/>
</kw>
<kw name="click on Finish button" owner="checkout">
<kw name="Wait Until Element Is Visible" owner="SeleniumLibrary">
<arg>id:finish</arg>
<doc>Waits until the element ``locator`` is visible.</doc>
<status status="PASS" start="2025-11-18T11:06:48.521482" elapsed="0.021242"/>
</kw>
<kw name="Click Button" owner="SeleniumLibrary">
<msg time="2025-11-18T11:06:48.542724" level="INFO">Clicking button 'id:finish'.</msg>
<arg>id:finish</arg>
<doc>Clicks the button identified by ``locator``.</doc>
<status status="PASS" start="2025-11-18T11:06:48.542724" elapsed="0.087629"/>
</kw>
<status status="PASS" start="2025-11-18T11:06:48.521482" elapsed="0.108871"/>
</kw>
<kw name="Sleep" owner="BuiltIn">
<msg time="2025-11-18T11:06:50.630632" level="INFO">Slept 2 seconds.</msg>
<arg>2s</arg>
<doc>Pauses the test executed for the given time.</doc>
<status status="PASS" start="2025-11-18T11:06:48.630353" elapsed="2.000279"/>
</kw>
<kw name="Verify the order confirmation" owner="Complete">
<kw name="Wait Until Element Is Visible" owner="SeleniumLibrary">
<arg>//h2[text()="Thank you for your order!"]</arg>
<doc>Waits until the element ``locator`` is visible.</doc>
<status status="PASS" start="2025-11-18T11:06:50.630632" elapsed="0.011471"/>
</kw>
<kw name="Should Be Equal As Strings" owner="BuiltIn">
<arg>Thank you for your order!</arg>
<arg>Thank you for your order!</arg>
<doc>Fails if objects are unequal after converting them to strings.</doc>
<status status="PASS" start="2025-11-18T11:06:50.642103" elapsed="0.000000"/>
</kw>
<status status="PASS" start="2025-11-18T11:06:50.630632" elapsed="0.011471"/>
</kw>
<kw name="Sleep" owner="BuiltIn">
<msg time="2025-11-18T11:06:52.642294" level="INFO">Slept 2 seconds.</msg>
<arg>2s</arg>
<doc>Pauses the test executed for the given time.</doc>
<status status="PASS" start="2025-11-18T11:06:50.642103" elapsed="2.000191"/>
</kw>
<kw name="Close Browser" owner="SeleniumLibrary" type="TEARDOWN">
<doc>Closes the current browser.</doc>
<status status="PASS" start="2025-11-18T11:06:52.643018" elapsed="3.025336"/>
</kw>
<status status="PASS" start="2025-11-18T11:06:17.441789" elapsed="38.226565"/>
</test>
<status status="PASS" start="2025-11-18T11:05:21.129105" elapsed="94.539249"/>
</suite>
<statistics>
<total>
<stat pass="2" fail="0" skip="0">All Tests</stat>
</total>
<tag>
</tag>
<suite>
<stat name="Login Test" id="s1" pass="2" fail="0" skip="0">Login Test</stat>
</suite>
</statistics>
<errors>
<msg time="2025-11-18T11:05:21.163112" level="ERROR">Error in file 'C:\Users\avina\PycharmProjects\saucedemo-robot\Keywords\Inventory.robot' on line 7: Setting 'Suite Setup' is not allowed in resource file.</msg>
</errors>
</robot>
