<?xml version="1.0" encoding="UTF-8"?>
<robot generator="Robot 7.2 (Python 3.12.4 on win32)" generated="2025-11-18T17:55:04.989375" rpa="false" schemaversion="5">
<suite id="s1" name="Login Test" source="C:\Users\avina\PycharmProjects\saucedemo-robot\Test\login_test.robot">
<test id="s1-t1" name="Validate Multiple User Login" line="12">
<kw name="validate different User login" owner="login">
<for flavor="IN">
<iter>
<kw name="Open SauceDemo Login Page" owner="login">
<kw name="Open Browser" owner="SeleniumLibrary">
<msg time="2025-11-18T17:55:05.809013" level="INFO">Opening browser 'Firefox' to base url 'https://www.saucedemo.com'.</msg>
<arg>${URL}</arg>
<arg>Firefox</arg>
<doc>Opens a new browser instance to the optional ``url``.</doc>
<status status="PASS" start="2025-11-18T17:55:05.809013" elapsed="14.306160"/>
</kw>
<kw name="Maximize Browser Window" owner="SeleniumLibrary">
<doc>Maximizes current browser window.</doc>
<status status="PASS" start="2025-11-18T17:55:20.119340" elapsed="0.286281"/>
</kw>
<status status="PASS" start="2025-11-18T17:55:05.809013" elapsed="14.596608"/>
</kw>
<kw name="Login With Valid Credentials" owner="login">
<kw name="Wait Until Element Is Visible" owner="SeleniumLibrary">
<arg>${USERANME_FEILD}</arg>
<doc>Waits until the element ``locator`` is visible.</doc>
<status status="PASS" start="2025-11-18T17:55:20.411188" elapsed="0.056238"/>
</kw>
<kw name="Wait Until Element Is Visible" owner="SeleniumLibrary">
<arg>${PASSWORD_FEILD}</arg>
<doc>Waits until the element ``locator`` is visible.</doc>
<status status="PASS" start="2025-11-18T17:55:20.467426" elapsed="0.063892"/>
</kw>
<kw name="Input Text" owner="SeleniumLibrary">
<msg time="2025-11-18T17:55:20.531318" level="INFO">Typing text 'standard_user' into text field '//input[@id ='user-name']'.</msg>
<arg>${USERANME_FEILD}</arg>
<arg>${user_id}</arg>
<doc>Types the given ``text`` into the text field identified by ``locator``.</doc>
<status status="PASS" start="2025-11-18T17:55:20.531318" elapsed="0.112351"/>
</kw>
<kw name="Input Text" owner="SeleniumLibrary">
<msg time="2025-11-18T17:55:20.643669" level="INFO">Typing text 'secret_sauce' into text field '//input[@id ='password']'.</msg>
<arg>${PASSWORD_FEILD}</arg>
<arg>${password}</arg>
<doc>Types the given ``text`` into the text field identified by ``locator``.</doc>
<status status="PASS" start="2025-11-18T17:55:20.643669" elapsed="0.046325"/>
</kw>
<kw name="Click Button" owner="SeleniumLibrary">
<msg time="2025-11-18T17:55:20.689994" level="INFO">Clicking button '//input[@id ='login-button']'.</msg>
<arg>${LOGIN_BUTTON}</arg>
<doc>Clicks the button identified by ``locator``.</doc>
<status status="PASS" start="2025-11-18T17:55:20.689994" elapsed="0.146739"/>
</kw>
<arg>${user}</arg>
<arg>${PASSWORD}</arg>
<status status="PASS" start="2025-11-18T17:55:20.409165" elapsed="0.427568"/>
</kw>
<kw name="Verify Successful Login" owner="login">
<kw name="Page Should Contain Element" owner="SeleniumLibrary">
<msg time="2025-11-18T17:55:20.847577" level="INFO">Current page contains element '//div[@id ='inventory_container']'.</msg>
<arg>${INVENTORY_PAGE}</arg>
<doc>Verifies that element ``locator`` is found on the current page.</doc>
<status status="PASS" start="2025-11-18T17:55:20.840756" elapsed="0.006821"/>
</kw>
<status status="PASS" start="2025-11-18T17:55:20.838745" elapsed="0.008832"/>
</kw>
<kw name="Close Browser Session" owner="login">
<kw name="Close Browser" owner="SeleniumLibrary">
<doc>Closes the current browser.</doc>
<status status="PASS" start="2025-11-18T17:55:20.849601" elapsed="3.806488"/>
</kw>
<status status="PASS" start="2025-11-18T17:55:20.849601" elapsed="3.806488"/>
</kw>
<var name="${user}">standard_user</var>
<status status="PASS" start="2025-11-18T17:55:05.809013" elapsed="18.847076"/>
</iter>
<iter>
<kw name="Open SauceDemo Login Page" owner="login">
<kw name="Open Browser" owner="SeleniumLibrary">
<msg time="2025-11-18T17:55:24.656089" level="INFO">Opening browser 'Firefox' to base url 'https://www.saucedemo.com'.</msg>
<arg>${URL}</arg>
<arg>Firefox</arg>
<doc>Opens a new browser instance to the optional ``url``.</doc>
<status status="PASS" start="2025-11-18T17:55:24.656089" elapsed="7.704973"/>
</kw>
<kw name="Maximize Browser Window" owner="SeleniumLibrary">
<doc>Maximizes current browser window.</doc>
<status status="PASS" start="2025-11-18T17:55:32.362416" elapsed="0.295812"/>
</kw>
<status status="PASS" start="2025-11-18T17:55:24.656089" elapsed="8.002139"/>
</kw>
<kw name="Login With Valid Credentials" owner="login">
<kw name="Wait Until Element Is Visible" owner="SeleniumLibrary">
<arg>${USERANME_FEILD}</arg>
<doc>Waits until the element ``locator`` is visible.</doc>
<status status="PASS" start="2025-11-18T17:55:32.659161" elapsed="0.042204"/>
</kw>
<kw name="Wait Until Element Is Visible" owner="SeleniumLibrary">
<arg>${PASSWORD_FEILD}</arg>
<doc>Waits until the element ``locator`` is visible.</doc>
<status status="PASS" start="2025-11-18T17:55:32.701365" elapsed="0.020007"/>
</kw>
<kw name="Input Text" owner="SeleniumLibrary">
<msg time="2025-11-18T17:55:32.723384" level="INFO">Typing text 'visual_user' into text field '//input[@id ='user-name']'.</msg>
<arg>${USERANME_FEILD}</arg>
<arg>${user_id}</arg>
<doc>Types the given ``text`` into the text field identified by ``locator``.</doc>
<status status="PASS" start="2025-11-18T17:55:32.723384" elapsed="0.107578"/>
</kw>
<kw name="Input Text" owner="SeleniumLibrary">
<msg time="2025-11-18T17:55:32.830962" level="INFO">Typing text 'secret_sauce' into text field '//input[@id ='password']'.</msg>
<arg>${PASSWORD_FEILD}</arg>
<arg>${password}</arg>
<doc>Types the given ``text`` into the text field identified by ``locator``.</doc>
<status status="PASS" start="2025-11-18T17:55:32.830962" elapsed="0.055046"/>
</kw>
<kw name="Click Button" owner="SeleniumLibrary">
<msg time="2025-11-18T17:55:32.888027" level="INFO">Clicking button '//input[@id ='login-button']'.</msg>
<arg>${LOGIN_BUTTON}</arg>
<doc>Clicks the button identified by ``locator``.</doc>
<status status="PASS" start="2025-11-18T17:55:32.888027" elapsed="0.158691"/>
</kw>
<arg>${user}</arg>
<arg>${PASSWORD}</arg>
<status status="PASS" start="2025-11-18T17:55:32.659161" elapsed="0.387557"/>
</kw>
<kw name="Verify Successful Login" owner="login">
<kw name="Page Should Contain Element" owner="SeleniumLibrary">
<msg time="2025-11-18T17:55:33.064784" level="INFO">Current page contains element '//div[@id ='inventory_container']'.</msg>
<arg>${INVENTORY_PAGE}</arg>
<doc>Verifies that element ``locator`` is found on the current page.</doc>
<status status="PASS" start="2025-11-18T17:55:33.048725" elapsed="0.016059"/>
</kw>
<status status="PASS" start="2025-11-18T17:55:33.046718" elapsed="0.020074"/>
</kw>
<kw name="Close Browser Session" owner="login">
<kw name="Close Browser" owner="SeleniumLibrary">
<doc>Closes the current browser.</doc>
<status status="PASS" start="2025-11-18T17:55:33.066792" elapsed="3.752206"/>
</kw>
<status status="PASS" start="2025-11-18T17:55:33.066792" elapsed="3.752206"/>
</kw>
<var name="${user}">visual_user</var>
<status status="PASS" start="2025-11-18T17:55:24.656089" elapsed="12.162909"/>
</iter>
<iter>
<kw name="Open SauceDemo Login Page" owner="login">
<kw name="Open Browser" owner="SeleniumLibrary">
<msg time="2025-11-18T17:55:36.826765" level="INFO">Opening browser 'Firefox' to base url 'https://www.saucedemo.com'.</msg>
<arg>${URL}</arg>
<arg>Firefox</arg>
<doc>Opens a new browser instance to the optional ``url``.</doc>
<status status="PASS" start="2025-11-18T17:55:36.826765" elapsed="7.543995"/>
</kw>
<kw name="Maximize Browser Window" owner="SeleniumLibrary">
<doc>Maximizes current browser window.</doc>
<status status="PASS" start="2025-11-18T17:55:44.370760" elapsed="0.317771"/>
</kw>
<status status="PASS" start="2025-11-18T17:55:36.818998" elapsed="7.869533"/>
</kw>
<kw name="Login With Valid Credentials" owner="login">
<kw name="Wait Until Element Is Visible" owner="SeleniumLibrary">
<arg>${USERANME_FEILD}</arg>
<doc>Waits until the element ``locator`` is visible.</doc>
<status status="PASS" start="2025-11-18T17:55:44.692669" elapsed="0.033735"/>
</kw>
<kw name="Wait Until Element Is Visible" owner="SeleniumLibrary">
<arg>${PASSWORD_FEILD}</arg>
<doc>Waits until the element ``locator`` is visible.</doc>
<status status="PASS" start="2025-11-18T17:55:44.726404" elapsed="0.020886"/>
</kw>
<kw name="Input Text" owner="SeleniumLibrary">
<msg time="2025-11-18T17:55:44.749312" level="INFO">Typing text 'problem_user' into text field '//input[@id ='user-name']'.</msg>
<arg>${USERANME_FEILD}</arg>
<arg>${user_id}</arg>
<doc>Types the given ``text`` into the text field identified by ``locator``.</doc>
<status status="PASS" start="2025-11-18T17:55:44.747290" elapsed="0.094561"/>
</kw>
<kw name="Input Text" owner="SeleniumLibrary">
<msg time="2025-11-18T17:55:44.843858" level="INFO">Typing text 'secret_sauce' into text field '//input[@id ='password']'.</msg>
<arg>${PASSWORD_FEILD}</arg>
<arg>${password}</arg>
<doc>Types the given ``text`` into the text field identified by ``locator``.</doc>
<status status="PASS" start="2025-11-18T17:55:44.841851" elapsed="0.047446"/>
</kw>
<kw name="Click Button" owner="SeleniumLibrary">
<msg time="2025-11-18T17:55:44.891316" level="INFO">Clicking button '//input[@id ='login-button']'.</msg>
<arg>${LOGIN_BUTTON}</arg>
<doc>Clicks the button identified by ``locator``.</doc>
<status status="PASS" start="2025-11-18T17:55:44.891316" elapsed="0.160678"/>
</kw>
<arg>${user}</arg>
<arg>${PASSWORD}</arg>
<status status="PASS" start="2025-11-18T17:55:44.688531" elapsed="0.363463"/>
</kw>
<kw name="Verify Successful Login" owner="login">
<kw name="Page Should Contain Element" owner="SeleniumLibrary">
<msg time="2025-11-18T17:55:45.063892" level="INFO">Current page contains element '//div[@id ='inventory_container']'.</msg>
<arg>${INVENTORY_PAGE}</arg>
<doc>Verifies that element ``locator`` is found on the current page.</doc>
<status status="PASS" start="2025-11-18T17:55:45.054017" elapsed="0.009875"/>
</kw>
<status status="PASS" start="2025-11-18T17:55:45.051994" elapsed="0.028832"/>
</kw>
<kw name="Close Browser Session" owner="login">
<kw name="Close Browser" owner="SeleniumLibrary">
<doc>Closes the current browser.</doc>
<status status="PASS" start="2025-11-18T17:55:45.082844" elapsed="3.884620"/>
</kw>
<status status="PASS" start="2025-11-18T17:55:45.080826" elapsed="3.886638"/>
</kw>
<var name="${user}">problem_user</var>
<status status="PASS" start="2025-11-18T17:55:36.818998" elapsed="12.148466"/>
</iter>
<iter>
<kw name="Open SauceDemo Login Page" owner="login">
<kw name="Open Browser" owner="SeleniumLibrary">
<msg time="2025-11-18T17:55:48.967464" level="INFO">Opening browser 'Firefox' to base url 'https://www.saucedemo.com'.</msg>
<arg>${URL}</arg>
<arg>Firefox</arg>
<doc>Opens a new browser instance to the optional ``url``.</doc>
<status status="PASS" start="2025-11-18T17:55:48.967464" elapsed="8.476568"/>
</kw>
<kw name="Maximize Browser Window" owner="SeleniumLibrary">
<doc>Maximizes current browser window.</doc>
<status status="PASS" start="2025-11-18T17:55:57.444032" elapsed="0.296052"/>
</kw>
<status status="PASS" start="2025-11-18T17:55:48.967464" elapsed="8.772620"/>
</kw>
<kw name="Login With Valid Credentials" owner="login">
<kw name="Wait Until Element Is Visible" owner="SeleniumLibrary">
<arg>${USERANME_FEILD}</arg>
<doc>Waits until the element ``locator`` is visible.</doc>
<status status="PASS" start="2025-11-18T17:55:57.741389" elapsed="0.030246"/>
</kw>
<kw name="Wait Until Element Is Visible" owner="SeleniumLibrary">
<arg>${PASSWORD_FEILD}</arg>
<doc>Waits until the element ``locator`` is visible.</doc>
<status status="PASS" start="2025-11-18T17:55:57.771635" elapsed="0.023982"/>
</kw>
<kw name="Input Text" owner="SeleniumLibrary">
<msg time="2025-11-18T17:55:57.795617" level="INFO">Typing text 'performance_glitch_user' into text field '//input[@id ='user-name']'.</msg>
<arg>${USERANME_FEILD}</arg>
<arg>${user_id}</arg>
<doc>Types the given ``text`` into the text field identified by ``locator``.</doc>
<status status="PASS" start="2025-11-18T17:55:57.795617" elapsed="0.132380"/>
</kw>
<kw name="Input Text" owner="SeleniumLibrary">
<msg time="2025-11-18T17:55:57.930601" level="INFO">Typing text 'secret_sauce' into text field '//input[@id ='password']'.</msg>
<arg>${PASSWORD_FEILD}</arg>
<arg>${password}</arg>
<doc>Types the given ``text`` into the text field identified by ``locator``.</doc>
<status status="PASS" start="2025-11-18T17:55:57.929749" elapsed="0.036882"/>
</kw>
<kw name="Click Button" owner="SeleniumLibrary">
<msg time="2025-11-18T17:55:57.966631" level="INFO">Clicking button '//input[@id ='login-button']'.</msg>
<arg>${LOGIN_BUTTON}</arg>
<doc>Clicks the button identified by ``locator``.</doc>
<status status="PASS" start="2025-11-18T17:55:57.966631" elapsed="5.155429"/>
</kw>
<arg>${user}</arg>
<arg>${PASSWORD}</arg>
<status status="PASS" start="2025-11-18T17:55:57.740770" elapsed="5.381290"/>
</kw>
<kw name="Verify Successful Login" owner="login">
<kw name="Page Should Contain Element" owner="SeleniumLibrary">
<msg time="2025-11-18T17:56:03.129217" level="INFO">Current page contains element '//div[@id ='inventory_container']'.</msg>
<arg>${INVENTORY_PAGE}</arg>
<doc>Verifies that element ``locator`` is found on the current page.</doc>
<status status="PASS" start="2025-11-18T17:56:03.122060" elapsed="0.007157"/>
</kw>
<status status="PASS" start="2025-11-18T17:56:03.122060" elapsed="0.007157"/>
</kw>
<kw name="Close Browser Session" owner="login">
<kw name="Close Browser" owner="SeleniumLibrary">
<doc>Closes the current browser.</doc>
<status status="PASS" start="2025-11-18T17:56:03.129217" elapsed="3.484028"/>
</kw>
<status status="PASS" start="2025-11-18T17:56:03.129217" elapsed="3.484028"/>
</kw>
<var name="${user}">performance_glitch_user</var>
<status status="PASS" start="2025-11-18T17:55:48.967464" elapsed="17.645781"/>
</iter>
<iter>
<kw name="Open SauceDemo Login Page" owner="login">
<kw name="Open Browser" owner="SeleniumLibrary">
<msg time="2025-11-18T17:56:06.613245" level="INFO">Opening browser 'Firefox' to base url 'https://www.saucedemo.com'.</msg>
<arg>${URL}</arg>
<arg>Firefox</arg>
<doc>Opens a new browser instance to the optional ``url``.</doc>
<status status="PASS" start="2025-11-18T17:56:06.613245" elapsed="7.678239"/>
</kw>
<kw name="Maximize Browser Window" owner="SeleniumLibrary">
<doc>Maximizes current browser window.</doc>
<status status="PASS" start="2025-11-18T17:56:14.291484" elapsed="0.317778"/>
</kw>
<status status="PASS" start="2025-11-18T17:56:06.613245" elapsed="7.996017"/>
</kw>
<kw name="Login With Valid Credentials" owner="login">
<kw name="Wait Until Element Is Visible" owner="SeleniumLibrary">
<arg>${USERANME_FEILD}</arg>
<doc>Waits until the element ``locator`` is visible.</doc>
<status status="PASS" start="2025-11-18T17:56:14.611977" elapsed="0.040482"/>
</kw>
<kw name="Wait Until Element Is Visible" owner="SeleniumLibrary">
<arg>${PASSWORD_FEILD}</arg>
<doc>Waits until the element ``locator`` is visible.</doc>
<status status="PASS" start="2025-11-18T17:56:14.654469" elapsed="0.029486"/>
</kw>
<kw name="Input Text" owner="SeleniumLibrary">
<msg time="2025-11-18T17:56:14.685121" level="INFO">Typing text 'error_user' into text field '//input[@id ='user-name']'.</msg>
<arg>${USERANME_FEILD}</arg>
<arg>${user_id}</arg>
<doc>Types the given ``text`` into the text field identified by ``locator``.</doc>
<status status="PASS" start="2025-11-18T17:56:14.684602" elapsed="0.093712"/>
</kw>
<kw name="Input Text" owner="SeleniumLibrary">
<msg time="2025-11-18T17:56:14.778314" level="INFO">Typing text 'secret_sauce' into text field '//input[@id ='password']'.</msg>
<arg>${PASSWORD_FEILD}</arg>
<arg>${password}</arg>
<doc>Types the given ``text`` into the text field identified by ``locator``.</doc>
<status status="PASS" start="2025-11-18T17:56:14.778314" elapsed="0.064700"/>
</kw>
<kw name="Click Button" owner="SeleniumLibrary">
<msg time="2025-11-18T17:56:14.844225" level="INFO">Clicking button '//input[@id ='login-button']'.</msg>
<arg>${LOGIN_BUTTON}</arg>
<doc>Clicks the button identified by ``locator``.</doc>
<status status="PASS" start="2025-11-18T17:56:14.843521" elapsed="0.220565"/>
</kw>
<arg>${user}</arg>
<arg>${PASSWORD}</arg>
<status status="PASS" start="2025-11-18T17:56:14.611269" elapsed="0.454826"/>
</kw>
<kw name="Verify Successful Login" owner="login">
<kw name="Page Should Contain Element" owner="SeleniumLibrary">
<msg time="2025-11-18T17:56:15.072127" level="INFO">Current page contains element '//div[@id ='inventory_container']'.</msg>
<arg>${INVENTORY_PAGE}</arg>
<doc>Verifies that element ``locator`` is found on the current page.</doc>
<status status="PASS" start="2025-11-18T17:56:15.066095" elapsed="0.008042"/>
</kw>
<status status="PASS" start="2025-11-18T17:56:15.066095" elapsed="0.008553"/>
</kw>
<kw name="Close Browser Session" owner="login">
<kw name="Close Browser" owner="SeleniumLibrary">
<doc>Closes the current browser.</doc>
<status status="PASS" start="2025-11-18T17:56:15.078674" elapsed="3.675918"/>
</kw>
<status status="PASS" start="2025-11-18T17:56:15.074648" elapsed="3.679944"/>
</kw>
<var name="${user}">error_user</var>
<status status="PASS" start="2025-11-18T17:56:06.613245" elapsed="12.141347"/>
</iter>
<var>${user}</var>
<value>@{USERS}</value>
<status status="PASS" start="2025-11-18T17:55:05.809013" elapsed="72.945579"/>
</for>
<status status="PASS" start="2025-11-18T17:55:05.809013" elapsed="72.945579"/>
</kw>
<kw name="Close Browser" owner="SeleniumLibrary" type="TEARDOWN">
<doc>Closes the current browser.</doc>
<status status="PASS" start="2025-11-18T17:56:18.754592" elapsed="0.004011"/>
</kw>
<status status="PASS" start="2025-11-18T17:55:05.809013" elapsed="72.949590"/>
</test>
<test id="s1-t2" name="Validate end to end flow of application" line="15">
<kw name="Open SauceDemo Login Page" owner="login">
<kw name="Open Browser" owner="SeleniumLibrary">
<msg time="2025-11-18T17:56:18.760615" level="INFO">Opening browser 'Firefox' to base url 'https://www.saucedemo.com'.</msg>
<arg>${URL}</arg>
<arg>Firefox</arg>
<doc>Opens a new browser instance to the optional ``url``.</doc>
<status status="PASS" start="2025-11-18T17:56:18.760615" elapsed="8.252516"/>
</kw>
<kw name="Maximize Browser Window" owner="SeleniumLibrary">
<doc>Maximizes current browser window.</doc>
<status status="PASS" start="2025-11-18T17:56:27.016502" elapsed="0.288299"/>
</kw>
<status status="PASS" start="2025-11-18T17:56:18.758603" elapsed="8.546198"/>
</kw>
<kw name="Login With Valid Credentials" owner="login">
<kw name="Wait Until Element Is Visible" owner="SeleniumLibrary">
<arg>${USERANME_FEILD}</arg>
<doc>Waits until the element ``locator`` is visible.</doc>
<status status="PASS" start="2025-11-18T17:56:27.306810" elapsed="0.043651"/>
</kw>
<kw name="Wait Until Element Is Visible" owner="SeleniumLibrary">
<arg>${PASSWORD_FEILD}</arg>
<doc>Waits until the element ``locator`` is visible.</doc>
<status status="PASS" start="2025-11-18T17:56:27.350461" elapsed="0.026021"/>
</kw>
<kw name="Input Text" owner="SeleniumLibrary">
<msg time="2025-11-18T17:56:27.378490" level="INFO">Typing text 'standard_user' into text field '//input[@id ='user-name']'.</msg>
<arg>${USERANME_FEILD}</arg>
<arg>${user_id}</arg>
<doc>Types the given ``text`` into the text field identified by ``locator``.</doc>
<status status="PASS" start="2025-11-18T17:56:27.376482" elapsed="0.083877"/>
</kw>
<kw name="Input Text" owner="SeleniumLibrary">
<msg time="2025-11-18T17:56:27.460359" level="INFO">Typing text 'secret_sauce' into text field '//input[@id ='password']'.</msg>
<arg>${PASSWORD_FEILD}</arg>
<arg>${password}</arg>
<doc>Types the given ``text`` into the text field identified by ``locator``.</doc>
<status status="PASS" start="2025-11-18T17:56:27.460359" elapsed="0.045862"/>
</kw>
<kw name="Click Button" owner="SeleniumLibrary">
<msg time="2025-11-18T17:56:27.506221" level="INFO">Clicking button '//input[@id ='login-button']'.</msg>
<arg>${LOGIN_BUTTON}</arg>
<doc>Clicks the button identified by ``locator``.</doc>
<status status="PASS" start="2025-11-18T17:56:27.506221" elapsed="0.131317"/>
</kw>
<arg>${user_id}</arg>
<arg>${PASSWORD}</arg>
<status status="PASS" start="2025-11-18T17:56:27.306810" elapsed="0.330728"/>
</kw>
<kw name="List of products and click on each Element" owner="Inventory">
<kw name="Get WebElements" owner="SeleniumLibrary">
<msg time="2025-11-18T17:56:27.650037" level="INFO">@{List} = [ &lt;selenium.webdriver.remote.webelement.WebElement (session="97934005-0f1f-46cf-8784-eb10a6d055f1", element="8831ad44-ff95-4748-8ac0-7c08fdbe15aa")&gt; | &lt;selenium.webdriver.remote.webelement.WebElement ...</msg>
<var>@{List}</var>
<arg>xpath=//div[@data-test='inventory-item-name']</arg>
<doc>Returns a list of WebElement objects matching the ``locator``.</doc>
<status status="PASS" start="2025-11-18T17:56:27.641565" elapsed="0.008472"/>
</kw>
<for flavor="IN">
<iter>
<kw name="Get Text" owner="SeleniumLibrary">
<msg time="2025-11-18T17:56:27.665225" level="INFO">${Text} = Sauce Labs Backpack</msg>
<var>${Text}</var>
<arg>${element}</arg>
<doc>Returns the text value of the element identified by ``locator``.</doc>
<status status="PASS" start="2025-11-18T17:56:27.652974" elapsed="0.012251"/>
</kw>
<kw name="Get Text" owner="SeleniumLibrary">
<msg time="2025-11-18T17:56:27.746118" level="INFO">${Description} = carry.allTheThings() with the sleek, streamlined Sly Pack that melds uncompromising style with unequaled laptop and tablet protection.</msg>
<var>${Description}</var>
<arg>//div[@data-test='inventory-item-desc']</arg>
<doc>Returns the text value of the element identified by ``locator``.</doc>
<status status="PASS" start="2025-11-18T17:56:27.667735" elapsed="0.078383"/>
</kw>
<kw name="Get Text" owner="SeleniumLibrary">
<msg time="2025-11-18T17:56:27.767156" level="INFO">${Price} = $29.99</msg>
<var>${Price}</var>
<arg>//div[@data-test='inventory-item-price']</arg>
<doc>Returns the text value of the element identified by ``locator``.</doc>
<status status="PASS" start="2025-11-18T17:56:27.746118" elapsed="0.021038"/>
</kw>
<kw name="Click Button" owner="SeleniumLibrary">
<msg time="2025-11-18T17:56:27.771619" level="INFO">Clicking button '//button[text()='Add to cart']'.</msg>
<arg>//button[text()='Add to cart']</arg>
<doc>Clicks the button identified by ``locator``.</doc>
<status status="PASS" start="2025-11-18T17:56:27.767156" elapsed="0.170256"/>
</kw>
<kw name="Sleep" owner="BuiltIn">
<msg time="2025-11-18T17:56:30.941844" level="INFO">Slept 3 seconds.</msg>
<arg>3s</arg>
<doc>Pauses the test executed for the given time.</doc>
<status status="PASS" start="2025-11-18T17:56:27.937412" elapsed="3.004432"/>
</kw>
<kw name="Log" owner="BuiltIn">
<msg time="2025-11-18T17:56:30.941844" level="INFO">Sauce Labs Backpack</msg>
<arg>${Text}</arg>
<doc>Logs the given message with the given level.</doc>
<status status="PASS" start="2025-11-18T17:56:30.941844" elapsed="0.000000"/>
</kw>
<kw name="Log" owner="BuiltIn">
<msg time="2025-11-18T17:56:30.941844" level="INFO">carry.allTheThings() with the sleek, streamlined Sly Pack that melds uncompromising style with unequaled laptop and tablet protection.</msg>
<arg>${Description}</arg>
<doc>Logs the given message with the given level.</doc>
<status status="PASS" start="2025-11-18T17:56:30.941844" elapsed="0.000000"/>
</kw>
<kw name="Log" owner="BuiltIn">
<msg time="2025-11-18T17:56:30.946323" level="INFO">$29.99</msg>
<arg>${Price}</arg>
<doc>Logs the given message with the given level.</doc>
<status status="PASS" start="2025-11-18T17:56:30.941844" elapsed="0.004479"/>
</kw>
<var name="${element}">&lt;selenium.webdriver.remote.webelement.WebElement (session="97934005-0f1f-46cf-8784-eb10a6d055f1", element="8831ad44-ff95-4748-8ac0-7c08fdbe15aa")&gt;</var>
<status status="PASS" start="2025-11-18T17:56:27.652047" elapsed="3.294276"/>
</iter>
<iter>
<kw name="Get Text" owner="SeleniumLibrary">
<msg time="2025-11-18T17:56:30.967249" level="INFO">${Text} = Sauce Labs Bike Light</msg>
<var>${Text}</var>
<arg>${element}</arg>
<doc>Returns the text value of the element identified by ``locator``.</doc>
<status status="PASS" start="2025-11-18T17:56:30.946323" elapsed="0.020926"/>
</kw>
<kw name="Get Text" owner="SeleniumLibrary">
<msg time="2025-11-18T17:56:30.991753" level="INFO">${Description} = carry.allTheThings() with the sleek, streamlined Sly Pack that melds uncompromising style with unequaled laptop and tablet protection.</msg>
<var>${Description}</var>
<arg>//div[@data-test='inventory-item-desc']</arg>
<doc>Returns the text value of the element identified by ``locator``.</doc>
<status status="PASS" start="2025-11-18T17:56:30.969275" elapsed="0.022478"/>
</kw>
<kw name="Get Text" owner="SeleniumLibrary">
<msg time="2025-11-18T17:56:31.008928" level="INFO">${Price} = $29.99</msg>
<var>${Price}</var>
<arg>//div[@data-test='inventory-item-price']</arg>
<doc>Returns the text value of the element identified by ``locator``.</doc>
<status status="PASS" start="2025-11-18T17:56:30.991753" elapsed="0.017175"/>
</kw>
<kw name="Click Button" owner="SeleniumLibrary">
<msg time="2025-11-18T17:56:31.008928" level="INFO">Clicking button '//button[text()='Add to cart']'.</msg>
<arg>//button[text()='Add to cart']</arg>
<doc>Clicks the button identified by ``locator``.</doc>
<status status="PASS" start="2025-11-18T17:56:31.008928" elapsed="0.135159"/>
</kw>
<kw name="Sleep" owner="BuiltIn">
<msg time="2025-11-18T17:56:34.148707" level="INFO">Slept 3 seconds.</msg>
<arg>3s</arg>
<doc>Pauses the test executed for the given time.</doc>
<status status="PASS" start="2025-11-18T17:56:31.144087" elapsed="3.004620"/>
</kw>
<kw name="Log" owner="BuiltIn">
<msg time="2025-11-18T17:56:34.149720" level="INFO">Sauce Labs Bike Light</msg>
<arg>${Text}</arg>
<doc>Logs the given message with the given level.</doc>
<status status="PASS" start="2025-11-18T17:56:34.149720" elapsed="0.000000"/>
</kw>
<kw name="Log" owner="BuiltIn">
<msg time="2025-11-18T17:56:34.151740" level="INFO">carry.allTheThings() with the sleek, streamlined Sly Pack that melds uncompromising style with unequaled laptop and tablet protection.</msg>
<arg>${Description}</arg>
<doc>Logs the given message with the given level.</doc>
<status status="PASS" start="2025-11-18T17:56:34.149720" elapsed="0.002020"/>
</kw>
<kw name="Log" owner="BuiltIn">
<msg time="2025-11-18T17:56:34.151740" level="INFO">$29.99</msg>
<arg>${Price}</arg>
<doc>Logs the given message with the given level.</doc>
<status status="PASS" start="2025-11-18T17:56:34.151740" elapsed="0.000000"/>
</kw>
<var name="${element}">&lt;selenium.webdriver.remote.webelement.WebElement (session="97934005-0f1f-46cf-8784-eb10a6d055f1", element="1de9eabc-6fc7-4d93-a568-f43bf15fd863")&gt;</var>
<status status="PASS" start="2025-11-18T17:56:30.946323" elapsed="3.205417"/>
</iter>
<iter>
<kw name="Get Text" owner="SeleniumLibrary">
<msg time="2025-11-18T17:56:34.162582" level="INFO">${Text} = Sauce Labs Bolt T-Shirt</msg>
<var>${Text}</var>
<arg>${element}</arg>
<doc>Returns the text value of the element identified by ``locator``.</doc>
<status status="PASS" start="2025-11-18T17:56:34.153755" elapsed="0.012998"/>
</kw>
<kw name="Get Text" owner="SeleniumLibrary">
<msg time="2025-11-18T17:56:34.183672" level="INFO">${Description} = carry.allTheThings() with the sleek, streamlined Sly Pack that melds uncompromising style with unequaled laptop and tablet protection.</msg>
<var>${Description}</var>
<arg>//div[@data-test='inventory-item-desc']</arg>
<doc>Returns the text value of the element identified by ``locator``.</doc>
<status status="PASS" start="2025-11-18T17:56:34.166753" elapsed="0.016919"/>
</kw>
<kw name="Get Text" owner="SeleniumLibrary">
<msg time="2025-11-18T17:56:34.203175" level="INFO">${Price} = $29.99</msg>
<var>${Price}</var>
<arg>//div[@data-test='inventory-item-price']</arg>
<doc>Returns the text value of the element identified by ``locator``.</doc>
<status status="PASS" start="2025-11-18T17:56:34.183672" elapsed="0.019503"/>
</kw>
<kw name="Click Button" owner="SeleniumLibrary">
<msg time="2025-11-18T17:56:34.203175" level="INFO">Clicking button '//button[text()='Add to cart']'.</msg>
<arg>//button[text()='Add to cart']</arg>
<doc>Clicks the button identified by ``locator``.</doc>
<status status="PASS" start="2025-11-18T17:56:34.203175" elapsed="0.125767"/>
</kw>
<kw name="Sleep" owner="BuiltIn">
<msg time="2025-11-18T17:56:37.332996" level="INFO">Slept 3 seconds.</msg>
<arg>3s</arg>
<doc>Pauses the test executed for the given time.</doc>
<status status="PASS" start="2025-11-18T17:56:34.328942" elapsed="3.004054"/>
</kw>
<kw name="Log" owner="BuiltIn">
<msg time="2025-11-18T17:56:37.332996" level="INFO">Sauce Labs Bolt T-Shirt</msg>
<arg>${Text}</arg>
<doc>Logs the given message with the given level.</doc>
<status status="PASS" start="2025-11-18T17:56:37.332996" elapsed="0.000000"/>
</kw>
<kw name="Log" owner="BuiltIn">
<msg time="2025-11-18T17:56:37.332996" level="INFO">carry.allTheThings() with the sleek, streamlined Sly Pack that melds uncompromising style with unequaled laptop and tablet protection.</msg>
<arg>${Description}</arg>
<doc>Logs the given message with the given level.</doc>
<status status="PASS" start="2025-11-18T17:56:37.332996" elapsed="0.000000"/>
</kw>
<kw name="Log" owner="BuiltIn">
<msg time="2025-11-18T17:56:37.337072" level="INFO">$29.99</msg>
<arg>${Price}</arg>
<doc>Logs the given message with the given level.</doc>
<status status="PASS" start="2025-11-18T17:56:37.332996" elapsed="0.004076"/>
</kw>
<var name="${element}">&lt;selenium.webdriver.remote.webelement.WebElement (session="97934005-0f1f-46cf-8784-eb10a6d055f1", element="b3308f0e-d491-4433-b82a-6aaa56d5c322")&gt;</var>
<status status="PASS" start="2025-11-18T17:56:34.153755" elapsed="3.183317"/>
</iter>
<iter>
<kw name="Get Text" owner="SeleniumLibrary">
<msg time="2025-11-18T17:56:37.357186" level="INFO">${Text} = Sauce Labs Fleece Jacket</msg>
<var>${Text}</var>
<arg>${element}</arg>
<doc>Returns the text value of the element identified by ``locator``.</doc>
<status status="PASS" start="2025-11-18T17:56:37.339141" elapsed="0.018045"/>
</kw>
<kw name="Get Text" owner="SeleniumLibrary">
<msg time="2025-11-18T17:56:37.371591" level="INFO">${Description} = carry.allTheThings() with the sleek, streamlined Sly Pack that melds uncompromising style with unequaled laptop and tablet protection.</msg>
<var>${Description}</var>
<arg>//div[@data-test='inventory-item-desc']</arg>
<doc>Returns the text value of the element identified by ``locator``.</doc>
<status status="PASS" start="2025-11-18T17:56:37.357186" elapsed="0.014405"/>
</kw>
<kw name="Get Text" owner="SeleniumLibrary">
<msg time="2025-11-18T17:56:37.387616" level="INFO">${Price} = $29.99</msg>
<var>${Price}</var>
<arg>//div[@data-test='inventory-item-price']</arg>
<doc>Returns the text value of the element identified by ``locator``.</doc>
<status status="PASS" start="2025-11-18T17:56:37.371591" elapsed="0.016025"/>
</kw>
<kw name="Click Button" owner="SeleniumLibrary">
<msg time="2025-11-18T17:56:37.387616" level="INFO">Clicking button '//button[text()='Add to cart']'.</msg>
<arg>//button[text()='Add to cart']</arg>
<doc>Clicks the button identified by ``locator``.</doc>
<status status="PASS" start="2025-11-18T17:56:37.387616" elapsed="0.100264"/>
</kw>
<kw name="Sleep" owner="BuiltIn">
<msg time="2025-11-18T17:56:40.488189" level="INFO">Slept 3 seconds.</msg>
<arg>3s</arg>
<doc>Pauses the test executed for the given time.</doc>
<status status="PASS" start="2025-11-18T17:56:37.487880" elapsed="3.000875"/>
</kw>
<kw name="Log" owner="BuiltIn">
<msg time="2025-11-18T17:56:40.488755" level="INFO">Sauce Labs Fleece Jacket</msg>
<arg>${Text}</arg>
<doc>Logs the given message with the given level.</doc>
<status status="PASS" start="2025-11-18T17:56:40.488755" elapsed="0.000000"/>
</kw>
<kw name="Log" owner="BuiltIn">
<msg time="2025-11-18T17:56:40.490771" level="INFO">carry.allTheThings() with the sleek, streamlined Sly Pack that melds uncompromising style with unequaled laptop and tablet protection.</msg>
<arg>${Description}</arg>
<doc>Logs the given message with the given level.</doc>
<status status="PASS" start="2025-11-18T17:56:40.490771" elapsed="0.000000"/>
</kw>
<kw name="Log" owner="BuiltIn">
<msg time="2025-11-18T17:56:40.493286" level="INFO">$29.99</msg>
<arg>${Price}</arg>
<doc>Logs the given message with the given level.</doc>
<status status="PASS" start="2025-11-18T17:56:40.493286" elapsed="0.000000"/>
</kw>
<var name="${element}">&lt;selenium.webdriver.remote.webelement.WebElement (session="97934005-0f1f-46cf-8784-eb10a6d055f1", element="248063dd-7c36-4154-a666-a435c1f34c98")&gt;</var>
<status status="PASS" start="2025-11-18T17:56:37.337072" elapsed="3.157949"/>
</iter>
<iter>
<kw name="Get Text" owner="SeleniumLibrary">
<msg time="2025-11-18T17:56:40.512768" level="INFO">${Text} = Sauce Labs Onesie</msg>
<var>${Text}</var>
<arg>${element}</arg>
<doc>Returns the text value of the element identified by ``locator``.</doc>
<status status="PASS" start="2025-11-18T17:56:40.495021" elapsed="0.017747"/>
</kw>
<kw name="Get Text" owner="SeleniumLibrary">
<msg time="2025-11-18T17:56:40.531895" level="INFO">${Description} = carry.allTheThings() with the sleek, streamlined Sly Pack that melds uncompromising style with unequaled laptop and tablet protection.</msg>
<var>${Description}</var>
<arg>//div[@data-test='inventory-item-desc']</arg>
<doc>Returns the text value of the element identified by ``locator``.</doc>
<status status="PASS" start="2025-11-18T17:56:40.515447" elapsed="0.016448"/>
</kw>
<kw name="Get Text" owner="SeleniumLibrary">
<msg time="2025-11-18T17:56:40.548423" level="INFO">${Price} = $29.99</msg>
<var>${Price}</var>
<arg>//div[@data-test='inventory-item-price']</arg>
<doc>Returns the text value of the element identified by ``locator``.</doc>
<status status="PASS" start="2025-11-18T17:56:40.534116" elapsed="0.014987"/>
</kw>
<kw name="Click Button" owner="SeleniumLibrary">
<msg time="2025-11-18T17:56:40.549103" level="INFO">Clicking button '//button[text()='Add to cart']'.</msg>
<arg>//button[text()='Add to cart']</arg>
<doc>Clicks the button identified by ``locator``.</doc>
<status status="PASS" start="2025-11-18T17:56:40.549103" elapsed="0.095769"/>
</kw>
<kw name="Sleep" owner="BuiltIn">
<msg time="2025-11-18T17:56:43.645646" level="INFO">Slept 3 seconds.</msg>
<arg>3s</arg>
<doc>Pauses the test executed for the given time.</doc>
<status status="PASS" start="2025-11-18T17:56:40.644872" elapsed="3.000774"/>
</kw>
<kw name="Log" owner="BuiltIn">
<msg time="2025-11-18T17:56:43.647507" level="INFO">Sauce Labs Onesie</msg>
<arg>${Text}</arg>
<doc>Logs the given message with the given level.</doc>
<status status="PASS" start="2025-11-18T17:56:43.645646" elapsed="0.001861"/>
</kw>
<kw name="Log" owner="BuiltIn">
<msg time="2025-11-18T17:56:43.647507" level="INFO">carry.allTheThings() with the sleek, streamlined Sly Pack that melds uncompromising style with unequaled laptop and tablet protection.</msg>
<arg>${Description}</arg>
<doc>Logs the given message with the given level.</doc>
<status status="PASS" start="2025-11-18T17:56:43.647507" elapsed="0.000000"/>
</kw>
<kw name="Log" owner="BuiltIn">
<msg time="2025-11-18T17:56:43.651662" level="INFO">$29.99</msg>
<arg>${Price}</arg>
<doc>Logs the given message with the given level.</doc>
<status status="PASS" start="2025-11-18T17:56:43.647507" elapsed="0.004155"/>
</kw>
<var name="${element}">&lt;selenium.webdriver.remote.webelement.WebElement (session="97934005-0f1f-46cf-8784-eb10a6d055f1", element="02a6cd06-e9f4-406f-86ca-55f92de7ee4d")&gt;</var>
<status status="PASS" start="2025-11-18T17:56:40.495021" elapsed="3.156641"/>
</iter>
<iter>
<kw name="Get Text" owner="SeleniumLibrary">
<msg time="2025-11-18T17:56:43.668200" level="INFO">${Text} = Test.allTheThings() T-Shirt (Red)</msg>
<var>${Text}</var>
<arg>${element}</arg>
<doc>Returns the text value of the element identified by ``locator``.</doc>
<status status="PASS" start="2025-11-18T17:56:43.651662" elapsed="0.016538"/>
</kw>
<kw name="Get Text" owner="SeleniumLibrary">
<msg time="2025-11-18T17:56:43.688131" level="INFO">${Description} = carry.allTheThings() with the sleek, streamlined Sly Pack that melds uncompromising style with unequaled laptop and tablet protection.</msg>
<var>${Description}</var>
<arg>//div[@data-test='inventory-item-desc']</arg>
<doc>Returns the text value of the element identified by ``locator``.</doc>
<status status="PASS" start="2025-11-18T17:56:43.671780" elapsed="0.019849"/>
</kw>
<kw name="Get Text" owner="SeleniumLibrary">
<msg time="2025-11-18T17:56:43.710844" level="INFO">${Price} = $29.99</msg>
<var>${Price}</var>
<arg>//div[@data-test='inventory-item-price']</arg>
<doc>Returns the text value of the element identified by ``locator``.</doc>
<status status="PASS" start="2025-11-18T17:56:43.692651" elapsed="0.020210"/>
</kw>
<kw name="Click Button" owner="SeleniumLibrary">
<msg time="2025-11-18T17:56:43.714878" level="INFO">Clicking button '//button[text()='Add to cart']'.</msg>
<arg>//button[text()='Add to cart']</arg>
<doc>Clicks the button identified by ``locator``.</doc>
<status status="PASS" start="2025-11-18T17:56:43.712861" elapsed="0.087762"/>
</kw>
<kw name="Sleep" owner="BuiltIn">
<msg time="2025-11-18T17:56:46.804430" level="INFO">Slept 3 seconds.</msg>
<arg>3s</arg>
<doc>Pauses the test executed for the given time.</doc>
<status status="PASS" start="2025-11-18T17:56:43.803818" elapsed="3.000612"/>
</kw>
<kw name="Log" owner="BuiltIn">
<msg time="2025-11-18T17:56:46.804430" level="INFO">Test.allTheThings() T-Shirt (Red)</msg>
<arg>${Text}</arg>
<doc>Logs the given message with the given level.</doc>
<status status="PASS" start="2025-11-18T17:56:46.804430" elapsed="0.000000"/>
</kw>
<kw name="Log" owner="BuiltIn">
<msg time="2025-11-18T17:56:46.807763" level="INFO">carry.allTheThings() with the sleek, streamlined Sly Pack that melds uncompromising style with unequaled laptop and tablet protection.</msg>
<arg>${Description}</arg>
<doc>Logs the given message with the given level.</doc>
<status status="PASS" start="2025-11-18T17:56:46.804430" elapsed="0.003333"/>
</kw>
<kw name="Log" owner="BuiltIn">
<msg time="2025-11-18T17:56:46.807763" level="INFO">$29.99</msg>
<arg>${Price}</arg>
<doc>Logs the given message with the given level.</doc>
<status status="PASS" start="2025-11-18T17:56:46.807763" elapsed="0.000000"/>
</kw>
<var name="${element}">&lt;selenium.webdriver.remote.webelement.WebElement (session="97934005-0f1f-46cf-8784-eb10a6d055f1", element="c4a0e34f-fc8c-41c2-a265-0490ca2deb69")&gt;</var>
<status status="PASS" start="2025-11-18T17:56:43.651662" elapsed="3.156101"/>
</iter>
<var>${element}</var>
<value>@{List}</value>
<status status="PASS" start="2025-11-18T17:56:27.650037" elapsed="19.157726"/>
</for>
<status status="PASS" start="2025-11-18T17:56:27.641565" elapsed="19.166198"/>
</kw>
<kw name="Go To cart and check" owner="Inventory">
<kw name="Click Element" owner="SeleniumLibrary">
<msg time="2025-11-18T17:56:46.812348" level="INFO">Clicking element 'id=shopping_cart_container'.</msg>
<arg>id=shopping_cart_container</arg>
<doc>Click the element identified by ``locator``.</doc>
<status status="PASS" start="2025-11-18T17:56:46.812348" elapsed="0.088122"/>
</kw>
<kw name="Sleep" owner="BuiltIn">
<msg time="2025-11-18T17:56:49.901426" level="INFO">Slept 3 seconds.</msg>
<arg>3s</arg>
<doc>Pauses the test executed for the given time.</doc>
<status status="PASS" start="2025-11-18T17:56:46.900470" elapsed="3.000956"/>
</kw>
<status status="PASS" start="2025-11-18T17:56:46.807763" elapsed="3.093663"/>
</kw>
<kw name="Click on Checkout button" owner="CartPage">
<kw name="Wait Until Element Is Visible" owner="SeleniumLibrary">
<arg>id:checkout</arg>
<doc>Waits until the element ``locator`` is visible.</doc>
<status status="PASS" start="2025-11-18T17:56:49.901426" elapsed="0.024299"/>
</kw>
<kw name="Click Button" owner="SeleniumLibrary">
<msg time="2025-11-18T17:56:49.925725" level="INFO">Clicking button 'id:checkout'.</msg>
<arg>id:checkout</arg>
<doc>Clicks the button identified by ``locator``.</doc>
<status status="PASS" start="2025-11-18T17:56:49.925725" elapsed="0.093513"/>
</kw>
<status status="PASS" start="2025-11-18T17:56:49.901426" elapsed="0.121369"/>
</kw>
<kw name="Fill the user name and address" owner="checkout">
<kw name="Wait Until Element Is Visible" owner="SeleniumLibrary">
<arg>id:first-name</arg>
<doc>Waits until the element ``locator`` is visible.</doc>
<status status="PASS" start="2025-11-18T17:56:50.022795" elapsed="0.023247"/>
</kw>
<kw name="Input Text" owner="SeleniumLibrary">
<msg time="2025-11-18T17:56:50.048265" level="INFO">Typing text 'Avinash' into text field 'first-name'.</msg>
<arg>first-name</arg>
<arg>Avinash</arg>
<doc>Types the given ``text`` into the text field identified by ``locator``.</doc>
<status status="PASS" start="2025-11-18T17:56:50.046042" elapsed="0.056412"/>
</kw>
<kw name="Wait Until Element Is Visible" owner="SeleniumLibrary">
<arg>id:last-name</arg>
<doc>Waits until the element ``locator`` is visible.</doc>
<status status="PASS" start="2025-11-18T17:56:50.102454" elapsed="0.016880"/>
</kw>
<kw name="Input Text" owner="SeleniumLibrary">
<msg time="2025-11-18T17:56:50.119334" level="INFO">Typing text 'Kumar' into text field 'id:last-name'.</msg>
<arg>id:last-name</arg>
<arg>Kumar</arg>
<doc>Types the given ``text`` into the text field identified by ``locator``.</doc>
<status status="PASS" start="2025-11-18T17:56:50.119334" elapsed="0.049520"/>
</kw>
<kw name="Wait Until Element Is Visible" owner="SeleniumLibrary">
<arg>id:postal-code</arg>
<doc>Waits until the element ``locator`` is visible.</doc>
<status status="PASS" start="2025-11-18T17:56:50.169859" elapsed="0.021108"/>
</kw>
<kw name="Input Text" owner="SeleniumLibrary">
<msg time="2025-11-18T17:56:50.190967" level="INFO">Typing text '560037' into text field 'id:postal-code'.</msg>
<arg>id:postal-code</arg>
<arg>560037</arg>
<doc>Types the given ``text`` into the text field identified by ``locator``.</doc>
<status status="PASS" start="2025-11-18T17:56:50.190967" elapsed="0.051361"/>
</kw>
<kw name="Wait Until Element Is Visible" owner="SeleniumLibrary">
<arg>id:continue</arg>
<doc>Waits until the element ``locator`` is visible.</doc>
<status status="PASS" start="2025-11-18T17:56:50.242328" elapsed="0.017103"/>
</kw>
<kw name="Click Button" owner="SeleniumLibrary">
<msg time="2025-11-18T17:56:50.259431" level="INFO">Clicking button 'id:continue'.</msg>
<arg>id:continue</arg>
<doc>Clicks the button identified by ``locator``.</doc>
<status status="PASS" start="2025-11-18T17:56:50.259431" elapsed="0.112836"/>
</kw>
<status status="PASS" start="2025-11-18T17:56:50.022795" elapsed="0.349472"/>
</kw>
<kw name="Sleep" owner="BuiltIn">
<msg time="2025-11-18T17:56:52.375095" level="INFO">Slept 2 seconds.</msg>
<arg>2s</arg>
<doc>Pauses the test executed for the given time.</doc>
<status status="PASS" start="2025-11-18T17:56:50.372267" elapsed="2.002828"/>
</kw>
<kw name="click on Finish button" owner="checkout">
<kw name="Wait Until Element Is Visible" owner="SeleniumLibrary">
<arg>id:finish</arg>
<doc>Waits until the element ``locator`` is visible.</doc>
<status status="PASS" start="2025-11-18T17:56:52.375095" elapsed="0.024619"/>
</kw>
<kw name="Click Button" owner="SeleniumLibrary">
<msg time="2025-11-18T17:56:52.404254" level="INFO">Clicking button 'id:finish'.</msg>
<arg>id:finish</arg>
<doc>Clicks the button identified by ``locator``.</doc>
<status status="PASS" start="2025-11-18T17:56:52.399714" elapsed="0.100666"/>
</kw>
<status status="PASS" start="2025-11-18T17:56:52.375095" elapsed="0.125285"/>
</kw>
<kw name="Sleep" owner="BuiltIn">
<msg time="2025-11-18T17:56:54.500672" level="INFO">Slept 2 seconds.</msg>
<arg>2s</arg>
<doc>Pauses the test executed for the given time.</doc>
<status status="PASS" start="2025-11-18T17:56:52.500380" elapsed="2.000292"/>
</kw>
<kw name="Verify the order confirmation" owner="Complete">
<kw name="Wait Until Element Is Visible" owner="SeleniumLibrary">
<arg>//h2[text()="Thank you for your order!"]</arg>
<doc>Waits until the element ``locator`` is visible.</doc>
<status status="PASS" start="2025-11-18T17:56:54.501687" elapsed="0.019250"/>
</kw>
<kw name="Should Be Equal As Strings" owner="BuiltIn">
<arg>Thank you for your order!</arg>
<arg>Thank you for your order!</arg>
<doc>Fails if objects are unequal after converting them to strings.</doc>
<status status="PASS" start="2025-11-18T17:56:54.520937" elapsed="0.001017"/>
</kw>
<status status="PASS" start="2025-11-18T17:56:54.501687" elapsed="0.021326"/>
</kw>
<kw name="Sleep" owner="BuiltIn">
<msg time="2025-11-18T17:56:56.523314" level="INFO">Slept 2 seconds.</msg>
<arg>2s</arg>
<doc>Pauses the test executed for the given time.</doc>
<status status="PASS" start="2025-11-18T17:56:54.523013" elapsed="2.000844"/>
</kw>
<kw name="Close Browser" owner="SeleniumLibrary" type="TEARDOWN">
<doc>Closes the current browser.</doc>
<status status="PASS" start="2025-11-18T17:56:56.523857" elapsed="3.623874"/>
</kw>
<status status="PASS" start="2025-11-18T17:56:18.758603" elapsed="41.389128"/>
</test>
<status status="PASS" start="2025-11-18T17:55:05.029482" elapsed="115.118249"/>
</suite>
<statistics>
<total>
<stat pass="2" fail="0" skip="0">All Tests</stat>
</total>
<tag>
</tag>
<suite>
<stat name="Login Test" id="s1" pass="2" fail="0" skip="0">Login Test</stat>
</suite>
</statistics>
<errors>
</errors>
</robot>
