<?xml version="1.0" encoding="UTF-8"?>
<robot generator="Robot 7.3.2 (Python 3.12.4 on win32)" generated="2025-08-10T10:29:06.049407" rpa="false" schemaversion="5">
<suite id="s1" name="Login" source="C:\Users\avina\PycharmProjects\saucedemo-robot\Keywords\login.robot">
<test id="s1-t1" name="Standard User Login" line="17">
<kw name="Login With Valid Credentials">
<kw name="Open Browser" owner="SeleniumLibrary">
<msg time="2025-08-10T10:29:06.793669" level="INFO">Opening browser 'chrome' to base url 'https://www.saucedemo.com'.</msg>
<arg>https://www.saucedemo.com</arg>
<arg>chrome</arg>
<doc>Opens a new browser instance to the optional ``url``.</doc>
<status status="PASS" start="2025-08-10T10:29:06.793669" elapsed="3.185566"/>
</kw>
<kw name="Wait Until Element Is Visible" owner="SeleniumLibrary">
<arg>${USERANME_FEILD}</arg>
<doc>Waits until the element ``locator`` is visible.</doc>
<status status="PASS" start="2025-08-10T10:29:09.979235" elapsed="0.050040"/>
</kw>
<kw name="Wait Until Element Is Visible" owner="SeleniumLibrary">
<arg>${PASSWORD_FEILD}</arg>
<doc>Waits until the element ``locator`` is visible.</doc>
<status status="PASS" start="2025-08-10T10:29:10.029275" elapsed="0.029981"/>
</kw>
<kw name="Input Text" owner="SeleniumLibrary">
<msg time="2025-08-10T10:29:10.059256" level="INFO">Typing text 'standard_user' into text field '//input[@id ='user-name']'.</msg>
<arg>${USERANME_FEILD}</arg>
<arg>${user_id}</arg>
<doc>Types the given ``text`` into the text field identified by ``locator``.</doc>
<status status="PASS" start="2025-08-10T10:29:10.059256" elapsed="0.177814"/>
</kw>
<kw name="Input Text" owner="SeleniumLibrary">
<msg time="2025-08-10T10:29:10.239087" level="INFO">Typing text 'secret_sauce' into text field '//input[@id ='password']'.</msg>
<arg>${PASSWORD_FEILD}</arg>
<arg>${password}</arg>
<doc>Types the given ``text`` into the text field identified by ``locator``.</doc>
<status status="PASS" start="2025-08-10T10:29:10.237070" elapsed="0.146102"/>
</kw>
<kw name="Click Button" owner="SeleniumLibrary">
<msg time="2025-08-10T10:29:10.383172" level="INFO">Clicking button '//input[@id ='login-button']'.</msg>
<arg>${LOGIN_BUTTON}</arg>
<doc>Clicks the button identified by ``locator``.</doc>
<status status="PASS" start="2025-08-10T10:29:10.383172" elapsed="0.160517"/>
</kw>
<arg>standard_user</arg>
<arg>secret_sauce</arg>
<status status="PASS" start="2025-08-10T10:29:06.789252" elapsed="3.754437"/>
</kw>
<status status="PASS" start="2025-08-10T10:29:06.789252" elapsed="3.754437"/>
</test>
<test id="s1-t2" name="Locked Out User Login" line="18">
<kw name="Login With Valid Credentials">
<kw name="Open Browser" owner="SeleniumLibrary">
<msg time="2025-08-10T10:29:10.543689" level="INFO">Opening browser 'chrome' to base url 'https://www.saucedemo.com'.</msg>
<arg>https://www.saucedemo.com</arg>
<arg>chrome</arg>
<doc>Opens a new browser instance to the optional ``url``.</doc>
<status status="PASS" start="2025-08-10T10:29:10.543689" elapsed="2.457836"/>
</kw>
<kw name="Wait Until Element Is Visible" owner="SeleniumLibrary">
<arg>${USERANME_FEILD}</arg>
<doc>Waits until the element ``locator`` is visible.</doc>
<status status="PASS" start="2025-08-10T10:29:13.001525" elapsed="0.042891"/>
</kw>
<kw name="Wait Until Element Is Visible" owner="SeleniumLibrary">
<arg>${PASSWORD_FEILD}</arg>
<doc>Waits until the element ``locator`` is visible.</doc>
<status status="PASS" start="2025-08-10T10:29:13.044416" elapsed="0.063801"/>
</kw>
<kw name="Input Text" owner="SeleniumLibrary">
<msg time="2025-08-10T10:29:13.109229" level="INFO">Typing text 'locked_out_user' into text field '//input[@id ='user-name']'.</msg>
<arg>${USERANME_FEILD}</arg>
<arg>${user_id}</arg>
<doc>Types the given ``text`` into the text field identified by ``locator``.</doc>
<status status="PASS" start="2025-08-10T10:29:13.108217" elapsed="0.340940"/>
</kw>
<kw name="Input Text" owner="SeleniumLibrary">
<msg time="2025-08-10T10:29:13.451684" level="INFO">Typing text 'secret_sauce' into text field '//input[@id ='password']'.</msg>
<arg>${PASSWORD_FEILD}</arg>
<arg>${password}</arg>
<doc>Types the given ``text`` into the text field identified by ``locator``.</doc>
<status status="PASS" start="2025-08-10T10:29:13.451684" elapsed="0.150854"/>
</kw>
<kw name="Click Button" owner="SeleniumLibrary">
<msg time="2025-08-10T10:29:13.602538" level="INFO">Clicking button '//input[@id ='login-button']'.</msg>
<arg>${LOGIN_BUTTON}</arg>
<doc>Clicks the button identified by ``locator``.</doc>
<status status="PASS" start="2025-08-10T10:29:13.602538" elapsed="0.122660"/>
</kw>
<arg>locked_out_user</arg>
<arg>secret_sauce</arg>
<status status="PASS" start="2025-08-10T10:29:10.543689" elapsed="3.181509"/>
</kw>
<status status="PASS" start="2025-08-10T10:29:10.543689" elapsed="3.184156"/>
</test>
<test id="s1-t3" name="Problem User Login" line="19">
<kw name="Login With Valid Credentials">
<kw name="Open Browser" owner="SeleniumLibrary">
<msg time="2025-08-10T10:29:13.731786" level="INFO">Opening browser 'chrome' to base url 'https://www.saucedemo.com'.</msg>
<arg>https://www.saucedemo.com</arg>
<arg>chrome</arg>
<doc>Opens a new browser instance to the optional ``url``.</doc>
<status status="PASS" start="2025-08-10T10:29:13.729907" elapsed="2.349122"/>
</kw>
<kw name="Wait Until Element Is Visible" owner="SeleniumLibrary">
<arg>${USERANME_FEILD}</arg>
<doc>Waits until the element ``locator`` is visible.</doc>
<status status="PASS" start="2025-08-10T10:29:16.079029" elapsed="0.045872"/>
</kw>
<kw name="Wait Until Element Is Visible" owner="SeleniumLibrary">
<arg>${PASSWORD_FEILD}</arg>
<doc>Waits until the element ``locator`` is visible.</doc>
<status status="PASS" start="2025-08-10T10:29:16.126050" elapsed="0.027275"/>
</kw>
<kw name="Input Text" owner="SeleniumLibrary">
<msg time="2025-08-10T10:29:16.159308" level="INFO">Typing text 'problem_user' into text field '//input[@id ='user-name']'.</msg>
<arg>${USERANME_FEILD}</arg>
<arg>${user_id}</arg>
<doc>Types the given ``text`` into the text field identified by ``locator``.</doc>
<status status="PASS" start="2025-08-10T10:29:16.158296" elapsed="0.222416"/>
</kw>
<kw name="Input Text" owner="SeleniumLibrary">
<msg time="2025-08-10T10:29:16.382998" level="INFO">Typing text 'secret_sauce' into text field '//input[@id ='password']'.</msg>
<arg>${PASSWORD_FEILD}</arg>
<arg>${password}</arg>
<doc>Types the given ``text`` into the text field identified by ``locator``.</doc>
<status status="PASS" start="2025-08-10T10:29:16.382998" elapsed="0.189813"/>
</kw>
<kw name="Click Button" owner="SeleniumLibrary">
<msg time="2025-08-10T10:29:16.574876" level="INFO">Clicking button '//input[@id ='login-button']'.</msg>
<arg>${LOGIN_BUTTON}</arg>
<doc>Clicks the button identified by ``locator``.</doc>
<status status="PASS" start="2025-08-10T10:29:16.572811" elapsed="0.269772"/>
</kw>
<arg>problem_user</arg>
<arg>secret_sauce</arg>
<status status="PASS" start="2025-08-10T10:29:13.729907" elapsed="3.112676"/>
</kw>
<status status="PASS" start="2025-08-10T10:29:13.728879" elapsed="3.114929"/>
</test>
<test id="s1-t4" name="Performance Glitch Login" line="20">
<kw name="Login With Valid Credentials">
<kw name="Open Browser" owner="SeleniumLibrary">
<msg time="2025-08-10T10:29:16.844386" level="INFO">Opening browser 'chrome' to base url 'https://www.saucedemo.com'.</msg>
<arg>https://www.saucedemo.com</arg>
<arg>chrome</arg>
<doc>Opens a new browser instance to the optional ``url``.</doc>
<status status="PASS" start="2025-08-10T10:29:16.844386" elapsed="2.728553"/>
</kw>
<kw name="Wait Until Element Is Visible" owner="SeleniumLibrary">
<arg>${USERANME_FEILD}</arg>
<doc>Waits until the element ``locator`` is visible.</doc>
<status status="PASS" start="2025-08-10T10:29:19.572939" elapsed="0.156747"/>
</kw>
<kw name="Wait Until Element Is Visible" owner="SeleniumLibrary">
<arg>${PASSWORD_FEILD}</arg>
<doc>Waits until the element ``locator`` is visible.</doc>
<status status="PASS" start="2025-08-10T10:29:19.730828" elapsed="0.049939"/>
</kw>
<kw name="Input Text" owner="SeleniumLibrary">
<msg time="2025-08-10T10:29:19.782776" level="INFO">Typing text 'performance_glitch_user' into text field '//input[@id ='user-name']'.</msg>
<arg>${USERANME_FEILD}</arg>
<arg>${user_id}</arg>
<doc>Types the given ``text`` into the text field identified by ``locator``.</doc>
<status status="PASS" start="2025-08-10T10:29:19.780767" elapsed="0.298632"/>
</kw>
<kw name="Input Text" owner="SeleniumLibrary">
<msg time="2025-08-10T10:29:20.079399" level="INFO">Typing text 'secret_sauce' into text field '//input[@id ='password']'.</msg>
<arg>${PASSWORD_FEILD}</arg>
<arg>${password}</arg>
<doc>Types the given ``text`` into the text field identified by ``locator``.</doc>
<status status="PASS" start="2025-08-10T10:29:20.079399" elapsed="0.222357"/>
</kw>
<kw name="Click Button" owner="SeleniumLibrary">
<msg time="2025-08-10T10:29:20.302266" level="INFO">Clicking button '//input[@id ='login-button']'.</msg>
<arg>${LOGIN_BUTTON}</arg>
<doc>Clicks the button identified by ``locator``.</doc>
<status status="PASS" start="2025-08-10T10:29:20.302266" elapsed="5.220559"/>
</kw>
<arg>performance_glitch_user</arg>
<arg>secret_sauce</arg>
<status status="PASS" start="2025-08-10T10:29:16.844386" elapsed="8.678439"/>
</kw>
<status status="PASS" start="2025-08-10T10:29:16.844386" elapsed="8.682343"/>
</test>
<test id="s1-t5" name="Error User Login" line="21">
<kw name="Login With Valid Credentials">
<kw name="Open Browser" owner="SeleniumLibrary">
<msg time="2025-08-10T10:29:25.530300" level="INFO">Opening browser 'chrome' to base url 'https://www.saucedemo.com'.</msg>
<arg>https://www.saucedemo.com</arg>
<arg>chrome</arg>
<doc>Opens a new browser instance to the optional ``url``.</doc>
<status status="PASS" start="2025-08-10T10:29:25.530300" elapsed="2.721309"/>
</kw>
<kw name="Wait Until Element Is Visible" owner="SeleniumLibrary">
<arg>${USERANME_FEILD}</arg>
<doc>Waits until the element ``locator`` is visible.</doc>
<status status="PASS" start="2025-08-10T10:29:28.251609" elapsed="0.042444"/>
</kw>
<kw name="Wait Until Element Is Visible" owner="SeleniumLibrary">
<arg>${PASSWORD_FEILD}</arg>
<doc>Waits until the element ``locator`` is visible.</doc>
<status status="PASS" start="2025-08-10T10:29:28.294053" elapsed="0.055029"/>
</kw>
<kw name="Input Text" owner="SeleniumLibrary">
<msg time="2025-08-10T10:29:28.349082" level="INFO">Typing text 'error_user' into text field '//input[@id ='user-name']'.</msg>
<arg>${USERANME_FEILD}</arg>
<arg>${user_id}</arg>
<doc>Types the given ``text`` into the text field identified by ``locator``.</doc>
<status status="PASS" start="2025-08-10T10:29:28.349082" elapsed="0.280215"/>
</kw>
<kw name="Input Text" owner="SeleniumLibrary">
<msg time="2025-08-10T10:29:28.631616" level="INFO">Typing text 'secret_sauce' into text field '//input[@id ='password']'.</msg>
<arg>${PASSWORD_FEILD}</arg>
<arg>${password}</arg>
<doc>Types the given ``text`` into the text field identified by ``locator``.</doc>
<status status="PASS" start="2025-08-10T10:29:28.629837" elapsed="0.212286"/>
</kw>
<kw name="Click Button" owner="SeleniumLibrary">
<msg time="2025-08-10T10:29:28.842123" level="INFO">Clicking button '//input[@id ='login-button']'.</msg>
<arg>${LOGIN_BUTTON}</arg>
<doc>Clicks the button identified by ``locator``.</doc>
<status status="PASS" start="2025-08-10T10:29:28.842123" elapsed="0.289240"/>
</kw>
<arg>error_user</arg>
<arg>secret_sauce</arg>
<status status="PASS" start="2025-08-10T10:29:25.530300" elapsed="3.601063"/>
</kw>
<status status="PASS" start="2025-08-10T10:29:25.526729" elapsed="3.606385"/>
</test>
<status status="PASS" start="2025-08-10T10:29:06.049407" elapsed="23.085716"/>
</suite>
<statistics>
<total>
<stat pass="5" fail="0" skip="0">All Tests</stat>
</total>
<tag>
</tag>
<suite>
<stat name="Login" id="s1" pass="5" fail="0" skip="0">Login</stat>
</suite>
</statistics>
<errors>
</errors>
</robot>
